2023-10-17 15:45:26,757 [INFO] Activator:177 - 


2023-10-17 15:45:26,758 [INFO] Activator:178 - !SESSION log4j initialized
2023-10-17 15:45:48,130 [INFO] McuFinderGlobals:39 - Set McuFinder mode to 2 (CubeIDE integrated)
2023-10-17 15:45:48,642 [INFO] ApplicationProperties:181 - Using Application install path: C:\ST\STM32CubeIDE_1.7.0\STM32CubeIDE\plugins\com.st.stm32cube.common.mx_6.3.0.202107141111
2023-10-17 15:45:48,655 [INFO] DbMcusXml:74 - Set database path to: C:\ST\STM32CubeIDE_1.7.0\STM32CubeIDE\plugins\com.st.stm32cube.common.mx_6.3.0.202107141111\\db\/mcu/
2023-10-17 15:45:48,657 [INFO] DbBoardsPdsc:56 - Set plugin database path to: C:\ST\STM32CubeIDE_1.7.0\STM32CubeIDE\plugins\com.st.stm32cube.common.mx_6.3.0.202107141111\\db\/plugins/boardmanager/
2023-10-17 15:45:48,658 [INFO] DbMcus:258 - Set plugin images path to: C:\ST\STM32CubeIDE_1.7.0\STM32CubeIDE\plugins\com.st.stm32cube.common.mx_6.3.0.202107141111\\db\/plugins/mcufinder/images/
2023-10-17 15:45:48,658 [INFO] DbBoards:264 - Set plugin images path to: C:\ST\STM32CubeIDE_1.7.0\STM32CubeIDE\plugins\com.st.stm32cube.common.mx_6.3.0.202107141111\\db\/plugins/mcufinder/images/
2023-10-17 15:45:48,660 [INFO] DbExamples:333 - Set plugin images path to: C:\ST\STM32CubeIDE_1.7.0\STM32CubeIDE\plugins\com.st.stm32cube.common.mx_6.3.0.202107141111\\db\/plugins/mcufinder/images/
2023-10-17 15:45:48,668 [INFO] DbMcusAds:119 - Set database path to: C:\Users\thao2\.stmcufinder\plugins\mcufinder//mcu/
2023-10-17 15:45:48,669 [INFO] DbMcusDocs:110 - Set database path to: C:\Users\thao2\.stmcufinder\plugins\mcufinder//mcu/
2023-10-17 15:45:48,671 [INFO] DbMcusJson:64 - Set database path to: C:\Users\thao2\.stmcufinder\plugins\mcufinder//mcu/
2023-10-17 15:45:48,671 [INFO] DbBoardsDocs:110 - Set database path to: C:\Users\thao2\.stmcufinder\plugins\mcufinder//mcu/
2023-10-17 15:45:48,672 [INFO] DbBoardsJson:57 - Set database path to: C:\Users\thao2\.stmcufinder\plugins\mcufinder//mcu/
2023-10-17 15:45:48,685 [INFO] CrossReferenceDbSqlite:196 - Set database path to: C:\Users\thao2\.stmcufinder\plugins\mcufinder//mcu/cs/
2023-10-17 15:45:48,688 [INFO] DbExamplesSqlite:767 - Set database path to: C:\Users\thao2\.stmcufinder\plugins\mcufinder//mcu/
2023-10-17 15:45:48,775 [INFO] RulesReader:57 - Compatibility file has been processed (242 Rules)
2023-10-17 15:45:48,849 [INFO] DbMcusXml:74 - Set database path to: C:\ST\STM32CubeIDE_1.7.0\STM32CubeIDE\plugins\com.st.stm32cube.common.mx_6.3.0.202107141111\\db\/mcu/
2023-10-17 15:45:48,850 [INFO] DbBoardsPdsc:56 - Set plugin database path to: C:\ST\STM32CubeIDE_1.7.0\STM32CubeIDE\plugins\com.st.stm32cube.common.mx_6.3.0.202107141111\\db\/plugins/boardmanager/
2023-10-17 15:45:48,850 [INFO] DbMcus:258 - Set plugin images path to: C:\ST\STM32CubeIDE_1.7.0\STM32CubeIDE\plugins\com.st.stm32cube.common.mx_6.3.0.202107141111\\db\/plugins/mcufinder/images/
2023-10-17 15:45:48,851 [INFO] DbBoards:264 - Set plugin images path to: C:\ST\STM32CubeIDE_1.7.0\STM32CubeIDE\plugins\com.st.stm32cube.common.mx_6.3.0.202107141111\\db\/plugins/mcufinder/images/
2023-10-17 15:45:48,851 [INFO] DbExamples:333 - Set plugin images path to: C:\ST\STM32CubeIDE_1.7.0\STM32CubeIDE\plugins\com.st.stm32cube.common.mx_6.3.0.202107141111\\db\/plugins/mcufinder/images/
2023-10-17 15:45:48,851 [WARN] DbFile:35 - Overriding database path with different value: C:\Users\thao2\.stmcufinder\plugins\mcufinder/ => C:\Users\thao2\.stmcufinder\plugins\mcufinder
2023-10-17 15:45:48,851 [INFO] DbMcusAds:119 - Set database path to: C:\Users\thao2\.stmcufinder\plugins\mcufinder//mcu/
2023-10-17 15:45:48,851 [WARN] DbFile:35 - Overriding database path with different value: C:\Users\thao2\.stmcufinder\plugins\mcufinder/ => C:\Users\thao2\.stmcufinder\plugins\mcufinder
2023-10-17 15:45:48,851 [INFO] DbMcusDocs:110 - Set database path to: C:\Users\thao2\.stmcufinder\plugins\mcufinder//mcu/
2023-10-17 15:45:48,851 [WARN] DbFile:35 - Overriding database path with different value: C:\Users\thao2\.stmcufinder\plugins\mcufinder/ => C:\Users\thao2\.stmcufinder\plugins\mcufinder
2023-10-17 15:45:48,852 [INFO] DbMcusJson:64 - Set database path to: C:\Users\thao2\.stmcufinder\plugins\mcufinder//mcu/
2023-10-17 15:45:48,852 [WARN] DbFile:35 - Overriding database path with different value: C:\Users\thao2\.stmcufinder\plugins\mcufinder/ => C:\Users\thao2\.stmcufinder\plugins\mcufinder
2023-10-17 15:45:48,852 [INFO] DbBoardsDocs:110 - Set database path to: C:\Users\thao2\.stmcufinder\plugins\mcufinder//mcu/
2023-10-17 15:45:48,852 [WARN] DbFile:35 - Overriding database path with different value: C:\Users\thao2\.stmcufinder\plugins\mcufinder/ => C:\Users\thao2\.stmcufinder\plugins\mcufinder
2023-10-17 15:45:48,852 [INFO] DbBoardsJson:57 - Set database path to: C:\Users\thao2\.stmcufinder\plugins\mcufinder//mcu/
2023-10-17 15:45:48,852 [WARN] DbFile:35 - Overriding database path with different value: C:\Users\thao2\.stmcufinder\plugins\mcufinder/ => C:\Users\thao2\.stmcufinder\plugins\mcufinder
2023-10-17 15:45:48,852 [WARN] DbFile:35 - Overriding database path with different value: C:\Users\thao2\.stmcufinder\plugins\mcufinder/ => C:\Users\thao2\.stmcufinder\plugins\mcufinder
2023-10-17 15:45:48,852 [INFO] CrossReferenceDbSqlite:196 - Set database path to: C:\Users\thao2\.stmcufinder\plugins\mcufinder//mcu/cs/
2023-10-17 15:45:48,853 [WARN] DbFile:35 - Overriding database path with different value: C:\Users\thao2\.stmcufinder\plugins\mcufinder/ => C:\Users\thao2\.stmcufinder\plugins\mcufinder
2023-10-17 15:45:48,853 [INFO] DbExamplesSqlite:767 - Set database path to: C:\Users\thao2\.stmcufinder\plugins\mcufinder//mcu/
2023-10-17 15:45:48,916 [INFO] MainPanel:214 - HeapMemory: 268435456
2023-10-17 15:45:49,001 [INFO] DbMcusXml:74 - Set database path to: C:\ST\STM32CubeIDE_1.7.0\STM32CubeIDE\plugins\com.st.stm32cube.common.mx_6.3.0.202107141111\\db\/mcu/
2023-10-17 15:45:49,001 [INFO] DbBoardsPdsc:56 - Set plugin database path to: C:\ST\STM32CubeIDE_1.7.0\STM32CubeIDE\plugins\com.st.stm32cube.common.mx_6.3.0.202107141111\\db\/plugins/boardmanager/
2023-10-17 15:45:49,001 [INFO] DbMcus:258 - Set plugin images path to: C:\ST\STM32CubeIDE_1.7.0\STM32CubeIDE\plugins\com.st.stm32cube.common.mx_6.3.0.202107141111\\db\/plugins/mcufinder/images/
2023-10-17 15:45:49,001 [INFO] DbBoards:264 - Set plugin images path to: C:\ST\STM32CubeIDE_1.7.0\STM32CubeIDE\plugins\com.st.stm32cube.common.mx_6.3.0.202107141111\\db\/plugins/mcufinder/images/
2023-10-17 15:45:49,001 [INFO] DbExamples:333 - Set plugin images path to: C:\ST\STM32CubeIDE_1.7.0\STM32CubeIDE\plugins\com.st.stm32cube.common.mx_6.3.0.202107141111\\db\/plugins/mcufinder/images/
2023-10-17 15:45:49,002 [WARN] DbFile:35 - Overriding database path with different value: C:\Users\thao2\.stmcufinder\plugins\mcufinder/ => C:\Users\thao2\.stmcufinder\plugins\mcufinder
2023-10-17 15:45:49,002 [INFO] DbMcusAds:119 - Set database path to: C:\Users\thao2\.stmcufinder\plugins\mcufinder//mcu/
2023-10-17 15:45:49,002 [WARN] DbFile:35 - Overriding database path with different value: C:\Users\thao2\.stmcufinder\plugins\mcufinder/ => C:\Users\thao2\.stmcufinder\plugins\mcufinder
2023-10-17 15:45:49,002 [INFO] DbMcusDocs:110 - Set database path to: C:\Users\thao2\.stmcufinder\plugins\mcufinder//mcu/
2023-10-17 15:45:49,002 [WARN] DbFile:35 - Overriding database path with different value: C:\Users\thao2\.stmcufinder\plugins\mcufinder/ => C:\Users\thao2\.stmcufinder\plugins\mcufinder
2023-10-17 15:45:49,002 [INFO] DbMcusJson:64 - Set database path to: C:\Users\thao2\.stmcufinder\plugins\mcufinder//mcu/
2023-10-17 15:45:49,002 [WARN] DbFile:35 - Overriding database path with different value: C:\Users\thao2\.stmcufinder\plugins\mcufinder/ => C:\Users\thao2\.stmcufinder\plugins\mcufinder
2023-10-17 15:45:49,002 [INFO] DbBoardsDocs:110 - Set database path to: C:\Users\thao2\.stmcufinder\plugins\mcufinder//mcu/
2023-10-17 15:45:49,002 [WARN] DbFile:35 - Overriding database path with different value: C:\Users\thao2\.stmcufinder\plugins\mcufinder/ => C:\Users\thao2\.stmcufinder\plugins\mcufinder
2023-10-17 15:45:49,003 [INFO] DbBoardsJson:57 - Set database path to: C:\Users\thao2\.stmcufinder\plugins\mcufinder//mcu/
2023-10-17 15:45:49,003 [WARN] DbFile:35 - Overriding database path with different value: C:\Users\thao2\.stmcufinder\plugins\mcufinder/ => C:\Users\thao2\.stmcufinder\plugins\mcufinder
2023-10-17 15:45:49,003 [WARN] DbFile:35 - Overriding database path with different value: C:\Users\thao2\.stmcufinder\plugins\mcufinder/ => C:\Users\thao2\.stmcufinder\plugins\mcufinder
2023-10-17 15:45:49,003 [INFO] CrossReferenceDbSqlite:196 - Set database path to: C:\Users\thao2\.stmcufinder\plugins\mcufinder//mcu/cs/
2023-10-17 15:45:49,003 [WARN] DbFile:35 - Overriding database path with different value: C:\Users\thao2\.stmcufinder\plugins\mcufinder/ => C:\Users\thao2\.stmcufinder\plugins\mcufinder
2023-10-17 15:45:49,003 [INFO] DbExamplesSqlite:767 - Set database path to: C:\Users\thao2\.stmcufinder\plugins\mcufinder//mcu/
2023-10-17 15:45:49,020 [INFO] ApplicationProperties:181 - Using Application install path: C:\ST\STM32CubeIDE_1.7.0\STM32CubeIDE\plugins\com.st.stm32cube.common.mx_6.3.0.202107141111
2023-10-17 15:45:49,021 [INFO] PluginManage:188 - Search for loadable plugins [exclusion list=, ]
2023-10-17 15:45:49,022 [INFO] PluginManage:302 - Check plugin analytics
2023-10-17 15:45:54,108 [INFO] AnalyticsPlugin:257 - Accepted Software Licenses: 
2023-10-17 15:45:54,109 [INFO] AnalyticsPlugin:259 - Accepted CMSIS Pack Licenses: 
2023-10-17 15:45:54,109 [INFO] AnalyticsPlugin:261 - Accepted Firmware Licenses: 
2023-10-17 15:45:54,109 [INFO] PluginManage:352 - Loaded plugin analytics (category:tool,tabindex:-1)
2023-10-17 15:45:54,109 [INFO] PluginManage:302 - Check plugin clock
2023-10-17 15:45:54,128 [INFO] PluginManage:352 - Loaded plugin clock (category:base,tabindex:2)
2023-10-17 15:45:54,128 [INFO] PluginManage:302 - Check plugin ddr
2023-10-17 15:45:54,130 [INFO] PluginManage:352 - Loaded plugin ddr (category:tool,tabindex:6)
2023-10-17 15:45:54,131 [INFO] PluginManage:302 - Check plugin filemanager
2023-10-17 15:45:54,247 [INFO] PluginManage:352 - Loaded plugin filemanager (category:base,tabindex:10)
2023-10-17 15:45:54,247 [INFO] PluginManage:302 - Check plugin ipmanager
2023-10-17 15:45:54,254 [INFO] PluginManage:352 - Loaded plugin ipmanager (category:base,tabindex:5)
2023-10-17 15:45:54,255 [INFO] PluginManage:302 - Check plugin pinoutandconfiguration
2023-10-17 15:45:54,270 [INFO] PluginManage:352 - Loaded plugin pinoutandconfiguration (category:base,tabindex:1)
2023-10-17 15:45:54,270 [INFO] PluginManage:302 - Check plugin pinoutconfig
2023-10-17 15:45:54,302 [INFO] PluginManage:352 - Loaded plugin pinoutconfig (category:base,tabindex:0)
2023-10-17 15:45:54,302 [INFO] PluginManage:302 - Check plugin power
2023-10-17 15:45:54,321 [INFO] PluginManage:352 - Loaded plugin power (category:power,tabindex:4)
2023-10-17 15:45:54,321 [INFO] PluginManage:302 - Check plugin projectmanager
2023-10-17 15:45:54,335 [INFO] PluginManage:352 - Loaded plugin projectmanager (category:projectmanager,tabindex:3)
2023-10-17 15:45:54,335 [INFO] PluginManage:302 - Check plugin thirdparty
2023-10-17 15:45:54,545 [WARN] IntegrityCheckThread:78 - waiting for thirdparty lock release [integrity check]
2023-10-17 15:45:54,546 [INFO] PluginManage:352 - Loaded plugin thirdparty (category:base,tabindex:-1)
2023-10-17 15:45:54,546 [INFO] IntegrityCheckThread:80 - entering critical section [integrity check]
2023-10-17 15:45:54,546 [INFO] PluginManage:302 - Check plugin tools
2023-10-17 15:45:54,546 [INFO] ThirdPartyUpdaterWithRetryManager:66 - Updater plugin not ready yet. [1/15]
2023-10-17 15:45:54,607 [INFO] PluginManage:352 - Loaded plugin tools (category:base,tabindex:7)
2023-10-17 15:45:54,607 [INFO] PluginManage:302 - Check plugin tutovideos
2023-10-17 15:45:54,812 [INFO] PluginManage:352 - Loaded plugin tutovideos (category:base,tabindex:-1)
2023-10-17 15:45:54,812 [INFO] PluginManage:302 - Check plugin updater
2023-10-17 15:45:54,822 [INFO] PluginManage:352 - Loaded plugin updater (category:base,tabindex:12)
2023-10-17 15:45:54,822 [INFO] PluginManage:275 - PluginManage : Loaded plugins [13]
2023-10-17 15:45:54,976 [INFO] PinOutPanel:1463 - setPackage(No Configuration,No Configuration)
2023-10-17 15:45:55,062 [INFO] IPUIPlugin:74 - create IPUIPlugin
2023-10-17 15:45:55,062 [INFO] PluginManager:213 - loadIPPluginJar : add adc
2023-10-17 15:45:55,105 [INFO] IPUIPlugin:74 - create IPUIPlugin
2023-10-17 15:45:55,106 [INFO] PluginManager:213 - loadIPPluginJar : add aes
2023-10-17 15:45:55,151 [INFO] IPUIPlugin:74 - create IPUIPlugin
2023-10-17 15:45:55,151 [INFO] PluginManager:213 - loadIPPluginJar : add can
2023-10-17 15:45:55,179 [INFO] IPUIPlugin:74 - create IPUIPlugin
2023-10-17 15:45:55,179 [INFO] PluginManager:213 - loadIPPluginJar : add comp
2023-10-17 15:45:55,213 [INFO] IPUIPlugin:74 - create IPUIPlugin
2023-10-17 15:45:55,214 [INFO] PluginManager:213 - loadIPPluginJar : add cryp
2023-10-17 15:45:55,248 [INFO] IPUIPlugin:74 - create IPUIPlugin
2023-10-17 15:45:55,248 [INFO] PluginManager:213 - loadIPPluginJar : add dfsdm
2023-10-17 15:45:55,261 [INFO] IPUIPlugin:74 - create IPUIPlugin
2023-10-17 15:45:55,261 [INFO] PluginManager:213 - loadIPPluginJar : add dma
2023-10-17 15:45:55,308 [INFO] IPUIPlugin:74 - create IPUIPlugin
2023-10-17 15:45:55,308 [INFO] PluginManager:213 - loadIPPluginJar : add dma3
2023-10-17 15:45:55,340 [INFO] IPUIPlugin:74 - create IPUIPlugin
2023-10-17 15:45:55,341 [INFO] PluginManager:213 - loadIPPluginJar : add fatfs
2023-10-17 15:45:55,392 [INFO] IPUIPlugin:74 - create IPUIPlugin
2023-10-17 15:45:55,392 [INFO] PluginManager:213 - loadIPPluginJar : add fmc
2023-10-17 15:45:55,406 [INFO] IPUIPlugin:74 - create IPUIPlugin
2023-10-17 15:45:55,406 [INFO] PluginManager:213 - loadIPPluginJar : add freertos
2023-10-17 15:45:55,434 [INFO] IPUIPlugin:74 - create IPUIPlugin
2023-10-17 15:45:55,434 [INFO] PluginManager:213 - loadIPPluginJar : add genericplugin
2023-10-17 15:45:55,525 [INFO] IPUIPlugin:74 - create IPUIPlugin
2023-10-17 15:45:55,525 [INFO] PluginManager:213 - loadIPPluginJar : add gfxmmu
2023-10-17 15:45:55,657 [INFO] IPUIPlugin:74 - create IPUIPlugin
2023-10-17 15:45:55,658 [INFO] PluginManager:213 - loadIPPluginJar : add gic
2023-10-17 15:45:55,668 [INFO] IPUIPlugin:74 - create IPUIPlugin
2023-10-17 15:45:55,668 [INFO] PluginManager:213 - loadIPPluginJar : add gpio
2023-10-17 15:45:55,742 [INFO] IPUIPlugin:74 - create IPUIPlugin
2023-10-17 15:45:55,742 [INFO] PluginManager:213 - loadIPPluginJar : add gtzc
2023-10-17 15:45:55,789 [INFO] IPUIPlugin:74 - create IPUIPlugin
2023-10-17 15:45:55,789 [INFO] PluginManager:213 - loadIPPluginJar : add hash
2023-10-17 15:45:55,851 [INFO] IPUIPlugin:74 - create IPUIPlugin
2023-10-17 15:45:55,851 [INFO] PluginManager:213 - loadIPPluginJar : add i2c
2023-10-17 15:45:55,897 [INFO] IPUIPlugin:74 - create IPUIPlugin
2023-10-17 15:45:55,897 [INFO] PluginManager:213 - loadIPPluginJar : add i2s
2023-10-17 15:45:55,908 [INFO] IPUIPlugin:74 - create IPUIPlugin
2023-10-17 15:45:55,908 [INFO] PluginManager:213 - loadIPPluginJar : add ipddr
2023-10-17 15:45:56,003 [INFO] IPUIPlugin:74 - create IPUIPlugin
2023-10-17 15:45:56,004 [INFO] PluginManager:213 - loadIPPluginJar : add linkedlist
2023-10-17 15:45:56,043 [INFO] IPUIPlugin:74 - create IPUIPlugin
2023-10-17 15:45:56,043 [INFO] PluginManager:213 - loadIPPluginJar : add lorawan
2023-10-17 15:45:56,099 [INFO] IPUIPlugin:74 - create IPUIPlugin
2023-10-17 15:45:56,099 [INFO] PluginManager:213 - loadIPPluginJar : add ltdc
2023-10-17 15:45:56,109 [INFO] IPUIPlugin:74 - create IPUIPlugin
2023-10-17 15:45:56,109 [INFO] PluginManager:213 - loadIPPluginJar : add mdma
2023-10-17 15:45:56,120 [INFO] IPUIPlugin:74 - create IPUIPlugin
2023-10-17 15:45:56,120 [INFO] PluginManager:213 - loadIPPluginJar : add nvic
2023-10-17 15:45:56,160 [INFO] IPUIPlugin:74 - create IPUIPlugin
2023-10-17 15:45:56,160 [INFO] PluginManager:213 - loadIPPluginJar : add opamp
2023-10-17 15:45:56,224 [INFO] IPUIPlugin:74 - create IPUIPlugin
2023-10-17 15:45:56,224 [INFO] PluginManager:213 - loadIPPluginJar : add openamp
2023-10-17 15:45:56,271 [INFO] IPUIPlugin:74 - create IPUIPlugin
2023-10-17 15:45:56,271 [INFO] PluginManager:213 - loadIPPluginJar : add pdm2pcm
2023-10-17 15:45:56,285 [INFO] IPUIPlugin:74 - create IPUIPlugin
2023-10-17 15:45:56,287 [INFO] PluginManager:213 - loadIPPluginJar : add plateformsettings
2023-10-17 15:45:56,315 [INFO] IPUIPlugin:74 - create IPUIPlugin
2023-10-17 15:45:56,315 [INFO] PluginManager:213 - loadIPPluginJar : add quadspi
2023-10-17 15:45:56,342 [INFO] IPUIPlugin:74 - create IPUIPlugin
2023-10-17 15:45:56,342 [INFO] PluginManager:213 - loadIPPluginJar : add resmgrutility
2023-10-17 15:45:56,425 [INFO] IPUIPlugin:74 - create IPUIPlugin
2023-10-17 15:45:56,425 [INFO] PluginManager:213 - loadIPPluginJar : add sai
2023-10-17 15:45:56,466 [INFO] IPUIPlugin:74 - create IPUIPlugin
2023-10-17 15:45:56,467 [INFO] PluginManager:213 - loadIPPluginJar : add spi
2023-10-17 15:45:56,524 [INFO] IPUIPlugin:74 - create IPUIPlugin
2023-10-17 15:45:56,524 [INFO] PluginManager:213 - loadIPPluginJar : add stm32_wpan
2023-10-17 15:45:56,555 [INFO] IPUIPlugin:74 - create IPUIPlugin
2023-10-17 15:45:56,555 [INFO] PluginManager:213 - loadIPPluginJar : add tim
2023-10-17 15:45:56,627 [INFO] IPUIPlugin:74 - create IPUIPlugin
2023-10-17 15:45:56,627 [INFO] PluginManager:213 - loadIPPluginJar : add touchsensing
2023-10-17 15:45:56,664 [INFO] IPUIPlugin:74 - create IPUIPlugin
2023-10-17 15:45:56,664 [INFO] PluginManager:213 - loadIPPluginJar : add tracer_emb
2023-10-17 15:45:56,702 [INFO] IPUIPlugin:74 - create IPUIPlugin
2023-10-17 15:45:56,702 [INFO] PluginManager:213 - loadIPPluginJar : add ts
2023-10-17 15:45:56,735 [INFO] IPUIPlugin:74 - create IPUIPlugin
2023-10-17 15:45:56,735 [INFO] PluginManager:213 - loadIPPluginJar : add tsc
2023-10-17 15:45:56,766 [INFO] IPUIPlugin:74 - create IPUIPlugin
2023-10-17 15:45:56,766 [INFO] PluginManager:213 - loadIPPluginJar : add ucpd
2023-10-17 15:45:56,817 [INFO] IPUIPlugin:74 - create IPUIPlugin
2023-10-17 15:45:56,817 [INFO] PluginManager:213 - loadIPPluginJar : add usart
2023-10-17 15:45:56,861 [INFO] IPUIPlugin:74 - create IPUIPlugin
2023-10-17 15:45:56,861 [INFO] PluginManager:213 - loadIPPluginJar : add usbx
2023-10-17 15:45:57,133 [FATAL] Updater:294 - Updater called before beeing initialized
2023-10-17 15:45:57,227 [FATAL] Updater:294 - Updater called before beeing initialized
2023-10-17 15:45:57,230 [INFO] DbMcusAds:47 - JSON generation date=Tue Mar 07 15:50:55 ICT 2023 (1678179055114)
2023-10-17 15:45:57,231 [FATAL] Updater:294 - Updater called before beeing initialized
2023-10-17 15:45:57,266 [WARN] DetailPanel:314 - Failed to get advertising image, set to default
2023-10-17 15:45:57,339 [FATAL] Updater:294 - Updater called before beeing initialized
2023-10-17 15:45:57,341 [FATAL] Updater:294 - Updater called before beeing initialized
2023-10-17 15:45:57,341 [FATAL] Updater:294 - Updater called before beeing initialized
2023-10-17 15:45:57,342 [WARN] DetailPanel:314 - Failed to get advertising image, set to default
2023-10-17 15:45:57,343 [FATAL] Updater:294 - Updater called before beeing initialized
2023-10-17 15:45:57,393 [ERROR] Updater:1075 - MainUpdater not yet initialized. External WinMGr cannot be set.
2023-10-17 15:45:57,402 [INFO] Updater:1012 - Updater Version found : 6.3.0
2023-10-17 15:45:57,421 [INFO] ApplicationProperties:181 - Using Application install path: C:\ST\STM32CubeIDE_1.7.0\STM32CubeIDE\plugins\com.st.stm32cube.common.mx_6.3.0.202107141111
2023-10-17 15:45:57,547 [INFO] ThirdPartyUpdaterWithRetryManager:66 - Updater plugin not ready yet. [2/15]
2023-10-17 15:45:57,739 [INFO] MainUpdater:2671 - connection check result : 10
2023-10-17 15:45:57,739 [INFO] MainUpdater:3359 - Updater definition file requires update
2023-10-17 15:45:57,740 [INFO] MainUpdater:265 - Updater Check For Update Now.
2023-10-17 15:45:57,740 [INFO] MicroXplorer:478 - Change Database Version : DB.6.0.30
2023-10-17 15:45:58,321 [INFO] ServerAccessManage:362 - Download File updaters.zip
2023-10-17 15:45:59,502 [INFO] FileExtend:235 - Unzip File : updaters.zip
2023-10-17 15:45:59,502 [INFO] FileExtend:250 - Standard Zip Deflate
2023-10-17 15:46:00,181 [INFO] ServerAccessManage:362 - Download File PacksControlFlags.xml
2023-10-17 15:46:00,515 [INFO] ServerAccessManage:362 - Download File cubemx.pidx
2023-10-17 15:46:00,548 [WARN] MainUpdater:1122 - Updater busy. Cannot search thirdparties
2023-10-17 15:46:00,548 [INFO] ThirdPartyUpdaterWithRetryManager:92 - Updater plugin is busy. [1/15]
2023-10-17 15:46:01,641 [INFO] ServerAccessManage:362 - Download File STMicroelectronics.X-CUBE-MEMS1.pdsc
2023-10-17 15:46:03,549 [WARN] MainUpdater:1122 - Updater busy. Cannot search thirdparties
2023-10-17 15:46:03,549 [INFO] ThirdPartyUpdaterWithRetryManager:92 - Updater plugin is busy. [2/15]
2023-10-17 15:46:05,549 [ERROR] ServerAccessManage:974 - Problem, file not found on Server
2023-10-17 15:46:06,549 [WARN] MainUpdater:1122 - Updater busy. Cannot search thirdparties
2023-10-17 15:46:06,549 [INFO] ThirdPartyUpdaterWithRetryManager:92 - Updater plugin is busy. [3/15]
2023-10-17 15:46:07,829 [INFO] MainUpdater:2671 - connection check result : 10
2023-10-17 15:46:08,223 [ERROR] ServerAccessManage:981 - Problem, Http access forbiden
2023-10-17 15:46:08,223 [ERROR] ServerAccessManage:531 - Problem, Http access forbiden : RoweBots.I-CUBE-UNISONRTOS.pdsc.
2023-10-17 15:46:08,501 [INFO] CheckServerUpdateThread:112 - End of CheckServer Thread
2023-10-17 15:46:08,555 [INFO] McuFinderGlobals:52 - Set McuFinderConnectedMode to true
2023-10-17 15:46:08,610 [INFO] PopulateThirdPartyThread:60 - Ending populate Thread
2023-10-17 15:46:08,611 [INFO] ThirdParty:967 - CMSIS Pack Vendor :STMicroelectronics X-CUBE-MEMS1 10.0.0
2023-10-17 15:46:08,612 [INFO] LoadServerUpdatesThread:339 - End of LoadServerUpdate Thread
2023-10-17 15:46:08,971 [INFO] ServerAccessManage:362 - Download File mcusAds.json._tmp_
2023-10-17 15:46:09,080 [INFO] LoadUrlFilesThread:145 - End of LoadUrlFiles Thread
2023-10-17 15:46:09,550 [WARN] MainUpdater:1122 - Updater busy. Cannot search thirdparties
2023-10-17 15:46:09,550 [INFO] ThirdPartyUpdaterWithRetryManager:92 - Updater plugin is busy. [4/15]
2023-10-17 15:46:09,841 [INFO] ServerAccessManage:362 - Download File mcusDocs.json._tmp_
2023-10-17 15:46:12,317 [INFO] LoadUrlFilesThread:145 - End of LoadUrlFiles Thread
2023-10-17 15:46:12,551 [WARN] MainUpdater:1122 - Updater busy. Cannot search thirdparties
2023-10-17 15:46:12,551 [INFO] ThirdPartyUpdaterWithRetryManager:92 - Updater plugin is busy. [5/15]
2023-10-17 15:46:12,569 [INFO] ServerAccessManage:362 - Download File mcusFeaturesAndDescription.json._tmp_
2023-10-17 15:46:15,551 [WARN] MainUpdater:1122 - Updater busy. Cannot search thirdparties
2023-10-17 15:46:15,551 [INFO] ThirdPartyUpdaterWithRetryManager:92 - Updater plugin is busy. [6/15]
2023-10-17 15:46:18,551 [WARN] MainUpdater:1122 - Updater busy. Cannot search thirdparties
2023-10-17 15:46:18,551 [INFO] ThirdPartyUpdaterWithRetryManager:92 - Updater plugin is busy. [7/15]
2023-10-17 15:46:21,551 [WARN] MainUpdater:1122 - Updater busy. Cannot search thirdparties
2023-10-17 15:46:21,551 [INFO] ThirdPartyUpdaterWithRetryManager:92 - Updater plugin is busy. [8/15]
2023-10-17 15:46:24,552 [WARN] MainUpdater:1122 - Updater busy. Cannot search thirdparties
2023-10-17 15:46:24,552 [INFO] ThirdPartyUpdaterWithRetryManager:92 - Updater plugin is busy. [9/15]
2023-10-17 15:46:27,553 [WARN] MainUpdater:1122 - Updater busy. Cannot search thirdparties
2023-10-17 15:46:27,553 [INFO] ThirdPartyUpdaterWithRetryManager:92 - Updater plugin is busy. [10/15]
2023-10-17 15:46:30,553 [WARN] MainUpdater:1122 - Updater busy. Cannot search thirdparties
2023-10-17 15:46:30,553 [INFO] ThirdPartyUpdaterWithRetryManager:92 - Updater plugin is busy. [11/15]
2023-10-17 15:46:31,089 [INFO] LoadUrlFilesThread:145 - End of LoadUrlFiles Thread
2023-10-17 15:46:31,651 [INFO] ServerAccessManage:362 - Download File boardsDocs.json._tmp_
2023-10-17 15:46:32,126 [INFO] LoadUrlFilesThread:145 - End of LoadUrlFiles Thread
2023-10-17 15:46:32,315 [INFO] ServerAccessManage:362 - Download File boards.json._tmp_
2023-10-17 15:46:33,113 [INFO] LoadUrlFilesThread:145 - End of LoadUrlFiles Thread
2023-10-17 15:46:33,541 [INFO] ServerAccessManage:362 - Download File cube-finder-db.zip
2023-10-17 15:46:33,554 [WARN] MainUpdater:1122 - Updater busy. Cannot search thirdparties
2023-10-17 15:46:33,554 [INFO] ThirdPartyUpdaterWithRetryManager:92 - Updater plugin is busy. [12/15]
2023-10-17 15:46:36,555 [WARN] MainUpdater:1122 - Updater busy. Cannot search thirdparties
2023-10-17 15:46:36,555 [INFO] ThirdPartyUpdaterWithRetryManager:92 - Updater plugin is busy. [13/15]
2023-10-17 15:46:39,555 [WARN] MainUpdater:1122 - Updater busy. Cannot search thirdparties
2023-10-17 15:46:39,555 [INFO] ThirdPartyUpdaterWithRetryManager:92 - Updater plugin is busy. [14/15]
2023-10-17 15:46:42,556 [WARN] MainUpdater:1122 - Updater busy. Cannot search thirdparties
2023-10-17 15:46:42,556 [INFO] ThirdPartyUpdaterWithRetryManager:92 - Updater plugin is busy. [15/15]
2023-10-17 15:46:42,556 [ERROR] IntegrityCheckThread:124 - Cannot retrieve database content from updater: error -1
2023-10-17 15:46:42,556 [INFO] ThirdParty:915 - Integrity check success = false
2023-10-17 15:46:42,556 [INFO] IntegrityCheckThread:94 - exiting critical section [integrity check]
2023-10-17 15:46:42,556 [INFO] IntegrityCheckThread:97 - End integrity checks thread
2023-10-17 15:47:05,947 [INFO] FileExtend:235 - Unzip File : cube-finder-db.zip
2023-10-17 15:47:05,948 [INFO] FileExtend:250 - Standard Zip Deflate
2023-10-17 15:47:06,622 [INFO] LoadUrlFilesThread:145 - End of LoadUrlFiles Thread
2023-10-17 15:47:07,767 [INFO] ServerAccessManage:362 - Download File crdb.zip
2023-10-17 15:47:11,350 [INFO] FileExtend:235 - Unzip File : crdb.zip
2023-10-17 15:47:11,350 [INFO] FileExtend:250 - Standard Zip Deflate
2023-10-17 15:47:11,475 [INFO] LoadUrlFilesThread:145 - End of LoadUrlFiles Thread
2023-10-17 15:47:11,659 [INFO] ServerAccessManage:362 - Download File tutoVideoDB.zip
2023-10-17 15:47:11,696 [INFO] FileExtend:235 - Unzip File : tutoVideoDB.zip
2023-10-17 15:47:11,696 [INFO] FileExtend:250 - Standard Zip Deflate
2023-10-17 15:47:11,809 [INFO] LoadUrlFilesThread:145 - End of LoadUrlFiles Thread
2023-10-17 15:47:11,809 [INFO] DbMcusAds:47 - JSON generation date=Tue Mar 07 15:50:55 ICT 2023 (1678179055114)
2023-10-17 15:47:11,820 [INFO] DbMcusDocs:143 - JSON generation date=Tue Nov 16 23:17:54 ICT 2021 (1637079474)
2023-10-17 15:47:11,821 [INFO] DbMcusXml:100 - Load MCU database from C:\ST\STM32CubeIDE_1.7.0\STM32CubeIDE\plugins\com.st.stm32cube.common.mx_6.3.0.202107141111\\db\/mcu/families.xml
2023-10-17 15:47:12,473 [INFO] DbMcusJson:93 - JSON generation date=Tue Nov 16 23:17:54 ICT 2021 (1637079474)
2023-10-17 15:47:13,029 [INFO] DbMcus:175 - Found 1951 MCUs (1903 are supported by CubeMX, 1914 are visible in CubeMX)
2023-10-17 15:47:13,030 [INFO] ApiDb:251 - Load user favorites file C:\Users\thao2/.stm32cubeide/favorites.mcus.txt: 0 item(s)
2023-10-17 15:47:13,030 [INFO] ApiDb:255 - User favorites MCUs=[]
2023-10-17 15:47:13,031 [INFO] DbMcus:187 - Set 0 / 0 favorites MCUs
2023-10-17 15:47:13,651 [INFO] DbMcusDocs:79 - Found 682 MCUs documents
2023-10-17 15:47:13,655 [INFO] ApiDb:276 - Save user favorites file C:\Users\thao2/.stm32cubeide/favorites.mcus.txt: 0 item(s)
2023-10-17 15:47:13,655 [INFO] ApiDb:280 - User favorites MCUs=[]
2023-10-17 15:47:13,655 [INFO] DbMcusXml:100 - Load MCU database from C:\ST\STM32CubeIDE_1.7.0\STM32CubeIDE\plugins\com.st.stm32cube.common.mx_6.3.0.202107141111\\db\/mcu/families.xml
2023-10-17 15:47:14,330 [INFO] DbMcusJson:93 - JSON generation date=Tue Nov 16 23:17:54 ICT 2021 (1637079474)
2023-10-17 15:47:14,871 [INFO] DbMcus:175 - Found 1951 MCUs (1903 are supported by CubeMX, 1914 are visible in CubeMX)
2023-10-17 15:47:14,871 [INFO] ApiDb:251 - Load user favorites file C:\Users\thao2/.stm32cubeide/favorites.mcus.txt: 0 item(s)
2023-10-17 15:47:14,871 [INFO] ApiDb:255 - User favorites MCUs=[]
2023-10-17 15:47:14,871 [INFO] DbMcus:187 - Set 0 / 0 favorites MCUs
2023-10-17 15:47:14,878 [INFO] DbBoardsDocs:143 - JSON generation date=Tue Nov 16 23:17:54 ICT 2021 (1637079474)
2023-10-17 15:47:14,895 [INFO] DbBoardsPdsc:90 - Found 25 items
2023-10-17 15:47:14,903 [INFO] DbBoardsPdsc:90 - Found 9 items
2023-10-17 15:47:14,913 [INFO] DbBoardsPdsc:90 - Found 33 items
2023-10-17 15:47:14,923 [INFO] DbBoardsPdsc:90 - Found 1 items
2023-10-17 15:47:14,939 [INFO] DbBoardsPdsc:90 - Found 48 items
2023-10-17 15:47:14,955 [INFO] DbBoardsPdsc:90 - Found 43 items
2023-10-17 15:47:14,963 [INFO] DbBoardsPdsc:90 - Found 2 items
2023-10-17 15:47:14,972 [INFO] DbBoardsPdsc:90 - Found 5 items
2023-10-17 15:47:14,978 [WARN] DbBoardsPdsc:254 - Board STM32H7B3I-DK: unknown feature type=Audio, name=, username=Audio stereo codec with Headphone Amp (CS42L51-CNZ), n=1
2023-10-17 15:47:14,979 [WARN] DbBoardsPdsc:254 - Board STM32H735G-DK: unknown feature type=Audio, name=, username=Audio stereo codec with Headphone Amp (WM8994ECS/R), n=1
2023-10-17 15:47:14,980 [WARN] DbBoardsPdsc:254 - Board STM32H7B3I-EVAL: unknown feature type=Audio, name=, username=Multi-Channel Audio Codec (CS42L51-CNZ), n=1
2023-10-17 15:47:14,981 [WARN] DbBoardsPdsc:254 - Board STM32H7B3I-EVAL: unknown feature type=Meter, name=, username=Power-metering and Temperature-monitoring with sigma-delta modulators, n=1
2023-10-17 15:47:14,981 [WARN] DbBoardsPdsc:254 - Board STM32H7B3I-EVAL: unknown feature type=Motor, name=, username=Motor Control, n=1
2023-10-17 15:47:14,982 [WARN] DbBoardsPdsc:254 - Board STM32U575I-EV: unknown feature type=joystick, name=, username=4-direction joystick with selection button, n=1
2023-10-17 15:47:15,023 [INFO] DbBoardsJson:86 - JSON generation date=Tue Nov 16 23:17:54 ICT 2021 (1637079474)
2023-10-17 15:47:15,032 [INFO] DbBoards:117 - Found 167 boards (163 are supported by CubeMX)
2023-10-17 15:47:15,035 [INFO] DbBoardsDocs:143 - JSON generation date=Tue Nov 16 23:17:54 ICT 2021 (1637079474)
2023-10-17 15:47:15,040 [INFO] DbBoardsDocs:79 - Found 209 boards documents
2023-10-17 15:47:15,043 [WARN] DbBoards:127 - board B-L475E-IOT01A2 has no document id list !
2023-10-17 15:47:15,044 [WARN] DbBoards:127 - board NUCLEO-H743ZI has no document id list !
2023-10-17 15:47:15,045 [WARN] DbBoards:127 - board NUCLEO-WL55JC2 has no document id list !
2023-10-17 15:47:15,045 [WARN] DbBoards:127 - board P-NUCLEO-WB55-Nucleo has no document id list !
2023-10-17 15:47:15,045 [WARN] DbBoards:127 - board P-NUCLEO-WB55-USBDongle has no document id list !
2023-10-17 15:47:15,045 [WARN] DbBoards:127 - board STEVAL-BFA001V1B has no document id list !
2023-10-17 15:47:15,045 [WARN] DbBoards:127 - board STEVAL-BFA001V2B has no document id list !
2023-10-17 15:47:15,045 [WARN] DbBoards:127 - board STEVAL-IDP005V1 has no document id list !
2023-10-17 15:47:15,045 [WARN] DbBoards:127 - board STEVAL-IDP005V2 has no document id list !
2023-10-17 15:47:15,045 [WARN] DbBoards:127 - board STEVAL-MKSBOX1V1 has no document id list !
2023-10-17 15:47:15,045 [WARN] DbBoards:127 - board STEVAL-STWINKT1 has no document id list !
2023-10-17 15:47:15,046 [WARN] DbBoards:127 - board STEVAL-STWINKT1B has no document id list !
2023-10-17 15:47:15,046 [WARN] DbBoards:127 - board STM32439I-EVAL2 has no document id list !
2023-10-17 15:47:15,046 [WARN] DbBoards:127 - board STM32F401C-DISCO has no document id list !
2023-10-17 15:47:15,047 [WARN] DbBoards:127 - board STM32F769I-DISC1 has no document id list !
2023-10-17 15:47:15,047 [WARN] DbBoards:127 - board STM32G474E-EVAL1 has no document id list !
2023-10-17 15:47:15,047 [WARN] DbBoards:127 - board STM32H743I-EVAL2 has no document id list !
2023-10-17 15:47:15,047 [WARN] DbBoards:127 - board STM32H747I-DISC1 has no document id list !
2023-10-17 15:47:15,048 [WARN] DbBoards:127 - board STM32H753I-EVAL2 has no document id list !
2023-10-17 15:47:15,048 [WARN] DbBoards:127 - board STM32L-DISCOVERY has no document id list !
2023-10-17 15:47:15,179 [ERROR] DbBoards:189 - Image file not found for board B-U585I-IOT02A: C:\ST\STM32CubeIDE_1.7.0\STM32CubeIDE\plugins\com.st.stm32cube.common.mx_6.3.0.202107141111\\db\/plugins/mcufinder/images/boards/B-U585I-IOT02A_small.jpg
2023-10-17 15:47:15,265 [ERROR] DbBoards:189 - Image file not found for board NUCLEO-F413ZH: C:\ST\STM32CubeIDE_1.7.0\STM32CubeIDE\plugins\com.st.stm32cube.common.mx_6.3.0.202107141111\\db\/plugins/mcufinder/images/boards/nucleo-f413zh_small.jpg
2023-10-17 15:47:15,453 [ERROR] DbBoards:189 - Image file not found for board NUCLEO-L552ZE-Q: C:\ST\STM32CubeIDE_1.7.0\STM32CubeIDE\plugins\com.st.stm32cube.common.mx_6.3.0.202107141111\\db\/plugins/mcufinder/images/boards/nucleo_l552ze_q_small.jpg
2023-10-17 15:47:15,453 [ERROR] DbBoards:189 - Image file not found for board NUCLEO-U575ZI-Q: C:\ST\STM32CubeIDE_1.7.0\STM32CubeIDE\plugins\com.st.stm32cube.common.mx_6.3.0.202107141111\\db\/plugins/mcufinder/images/boards/nucleo-u575zi-q_small.jpg
2023-10-17 15:47:15,454 [ERROR] DbBoards:189 - Image file not found for board NUCLEO-WB15CC: C:\ST\STM32CubeIDE_1.7.0\STM32CubeIDE\plugins\com.st.stm32cube.common.mx_6.3.0.202107141111\\db\/plugins/mcufinder/images/boards/nucleo-wb15cc_small.jpg
2023-10-17 15:47:15,454 [ERROR] DbBoards:189 - Image file not found for board NUCLEO-WB55RG: C:\ST\STM32CubeIDE_1.7.0\STM32CubeIDE\plugins\com.st.stm32cube.common.mx_6.3.0.202107141111\\db\/plugins/mcufinder/images/boards/nucleo-wb55rg_small.jpg
2023-10-17 15:47:16,440 [INFO] ApiDb:251 - Load user favorites file C:\Users\thao2/.stm32cubeide/favorites.boards.txt: 0 item(s)
2023-10-17 15:47:16,440 [INFO] ApiDb:255 - User favorites Boards=[]
2023-10-17 15:47:16,440 [INFO] DbBoards:206 - Set 0 / 0 favorites Boards
2023-10-17 15:47:16,443 [INFO] DbBoardsDocs:79 - Found 418 boards documents
2023-10-17 15:47:16,444 [INFO] ApiDb:276 - Save user favorites file C:\Users\thao2/.stm32cubeide/favorites.boards.txt: 0 item(s)
2023-10-17 15:47:16,444 [INFO] ApiDb:280 - User favorites Boards=[]
2023-10-17 15:47:16,446 [INFO] DbBoardsPdsc:90 - Found 25 items
2023-10-17 15:47:16,448 [INFO] DbBoardsPdsc:90 - Found 9 items
2023-10-17 15:47:16,450 [INFO] DbBoardsPdsc:90 - Found 33 items
2023-10-17 15:47:16,451 [INFO] DbBoardsPdsc:90 - Found 1 items
2023-10-17 15:47:16,456 [INFO] DbBoardsPdsc:90 - Found 48 items
2023-10-17 15:47:16,462 [INFO] DbBoardsPdsc:90 - Found 43 items
2023-10-17 15:47:16,463 [INFO] DbBoardsPdsc:90 - Found 2 items
2023-10-17 15:47:16,464 [INFO] DbBoardsPdsc:90 - Found 5 items
2023-10-17 15:47:16,465 [WARN] DbBoardsPdsc:254 - Board STM32H7B3I-DK: unknown feature type=Audio, name=, username=Audio stereo codec with Headphone Amp (CS42L51-CNZ), n=1
2023-10-17 15:47:16,466 [WARN] DbBoardsPdsc:254 - Board STM32H735G-DK: unknown feature type=Audio, name=, username=Audio stereo codec with Headphone Amp (WM8994ECS/R), n=1
2023-10-17 15:47:16,467 [WARN] DbBoardsPdsc:254 - Board STM32H7B3I-EVAL: unknown feature type=Audio, name=, username=Multi-Channel Audio Codec (CS42L51-CNZ), n=1
2023-10-17 15:47:16,467 [WARN] DbBoardsPdsc:254 - Board STM32H7B3I-EVAL: unknown feature type=Meter, name=, username=Power-metering and Temperature-monitoring with sigma-delta modulators, n=1
2023-10-17 15:47:16,467 [WARN] DbBoardsPdsc:254 - Board STM32H7B3I-EVAL: unknown feature type=Motor, name=, username=Motor Control, n=1
2023-10-17 15:47:16,468 [WARN] DbBoardsPdsc:254 - Board STM32U575I-EV: unknown feature type=joystick, name=, username=4-direction joystick with selection button, n=1
2023-10-17 15:47:16,489 [INFO] DbBoardsJson:86 - JSON generation date=Tue Nov 16 23:17:54 ICT 2021 (1637079474)
2023-10-17 15:47:16,494 [INFO] DbBoards:117 - Found 167 boards (163 are supported by CubeMX)
2023-10-17 15:47:16,494 [WARN] DbBoards:127 - board B-L475E-IOT01A2 has no document id list !
2023-10-17 15:47:16,494 [WARN] DbBoards:127 - board NUCLEO-H743ZI has no document id list !
2023-10-17 15:47:16,494 [WARN] DbBoards:127 - board NUCLEO-WL55JC2 has no document id list !
2023-10-17 15:47:16,494 [WARN] DbBoards:127 - board P-NUCLEO-WB55-Nucleo has no document id list !
2023-10-17 15:47:16,494 [WARN] DbBoards:127 - board P-NUCLEO-WB55-USBDongle has no document id list !
2023-10-17 15:47:16,495 [WARN] DbBoards:127 - board STEVAL-BFA001V1B has no document id list !
2023-10-17 15:47:16,495 [WARN] DbBoards:127 - board STEVAL-BFA001V2B has no document id list !
2023-10-17 15:47:16,495 [WARN] DbBoards:127 - board STEVAL-IDP005V1 has no document id list !
2023-10-17 15:47:16,495 [WARN] DbBoards:127 - board STEVAL-IDP005V2 has no document id list !
2023-10-17 15:47:16,495 [WARN] DbBoards:127 - board STEVAL-MKSBOX1V1 has no document id list !
2023-10-17 15:47:16,495 [WARN] DbBoards:127 - board STEVAL-STWINKT1 has no document id list !
2023-10-17 15:47:16,495 [WARN] DbBoards:127 - board STEVAL-STWINKT1B has no document id list !
2023-10-17 15:47:16,495 [WARN] DbBoards:127 - board STM32439I-EVAL2 has no document id list !
2023-10-17 15:47:16,495 [WARN] DbBoards:127 - board STM32F401C-DISCO has no document id list !
2023-10-17 15:47:16,495 [WARN] DbBoards:127 - board STM32F769I-DISC1 has no document id list !
2023-10-17 15:47:16,495 [WARN] DbBoards:127 - board STM32G474E-EVAL1 has no document id list !
2023-10-17 15:47:16,495 [WARN] DbBoards:127 - board STM32H743I-EVAL2 has no document id list !
2023-10-17 15:47:16,495 [WARN] DbBoards:127 - board STM32H747I-DISC1 has no document id list !
2023-10-17 15:47:16,495 [WARN] DbBoards:127 - board STM32H753I-EVAL2 has no document id list !
2023-10-17 15:47:16,495 [WARN] DbBoards:127 - board STM32L-DISCOVERY has no document id list !
2023-10-17 15:47:16,573 [ERROR] DbBoards:189 - Image file not found for board B-U585I-IOT02A: C:\ST\STM32CubeIDE_1.7.0\STM32CubeIDE\plugins\com.st.stm32cube.common.mx_6.3.0.202107141111\\db\/plugins/mcufinder/images/boards/B-U585I-IOT02A_small.jpg
2023-10-17 15:47:16,651 [ERROR] DbBoards:189 - Image file not found for board NUCLEO-F413ZH: C:\ST\STM32CubeIDE_1.7.0\STM32CubeIDE\plugins\com.st.stm32cube.common.mx_6.3.0.202107141111\\db\/plugins/mcufinder/images/boards/nucleo-f413zh_small.jpg
2023-10-17 15:47:16,823 [ERROR] DbBoards:189 - Image file not found for board NUCLEO-L552ZE-Q: C:\ST\STM32CubeIDE_1.7.0\STM32CubeIDE\plugins\com.st.stm32cube.common.mx_6.3.0.202107141111\\db\/plugins/mcufinder/images/boards/nucleo_l552ze_q_small.jpg
2023-10-17 15:47:16,824 [ERROR] DbBoards:189 - Image file not found for board NUCLEO-U575ZI-Q: C:\ST\STM32CubeIDE_1.7.0\STM32CubeIDE\plugins\com.st.stm32cube.common.mx_6.3.0.202107141111\\db\/plugins/mcufinder/images/boards/nucleo-u575zi-q_small.jpg
2023-10-17 15:47:16,824 [ERROR] DbBoards:189 - Image file not found for board NUCLEO-WB15CC: C:\ST\STM32CubeIDE_1.7.0\STM32CubeIDE\plugins\com.st.stm32cube.common.mx_6.3.0.202107141111\\db\/plugins/mcufinder/images/boards/nucleo-wb15cc_small.jpg
2023-10-17 15:47:16,824 [ERROR] DbBoards:189 - Image file not found for board NUCLEO-WB55RG: C:\ST\STM32CubeIDE_1.7.0\STM32CubeIDE\plugins\com.st.stm32cube.common.mx_6.3.0.202107141111\\db\/plugins/mcufinder/images/boards/nucleo-wb55rg_small.jpg
2023-10-17 15:47:17,501 [INFO] ApiDb:251 - Load user favorites file C:\Users\thao2/.stm32cubeide/favorites.boards.txt: 0 item(s)
2023-10-17 15:47:17,501 [INFO] ApiDb:255 - User favorites Boards=[]
2023-10-17 15:47:17,501 [INFO] DbBoards:206 - Set 0 / 0 favorites Boards
2023-10-17 15:47:17,510 [INFO] LoadUrlFilesThread:172 - End of LoadServerUrlFiles without Thread
2023-10-17 15:47:17,511 [INFO] TargetSelectorAdapter:224 - Refresh data is successful
2023-10-17 15:47:17,625 [INFO] ApiDb:479 - Connected to CubeFinder SQLite database (C:\Users\thao2\.stmcufinder\plugins\mcufinder\mcu\cube-finder-db.db)
2023-10-17 15:47:18,323 [INFO] DbExamplesSqlite:411 - Ignored 27 examples not supported by CubeIDE
2023-10-17 15:47:18,323 [INFO] DbExamplesSqlite:412 - Found 7231 examples active
2023-10-17 15:47:18,323 [INFO] DbExamplesSqlite:413 - Found 677 examples obsolete
2023-10-17 15:47:18,323 [INFO] DbExamplesSqlite:414 - Found 0 examples under development
2023-10-17 15:47:18,323 [INFO] DbExamplesSqlite:415 - Found 74 examples not building
2023-10-17 15:47:18,369 [INFO] DbExamplesSqlite:108 - CubeFinder database Data Model version=2.1
2023-10-17 15:47:18,369 [INFO] DbExamplesSqlite:109 - CubeFinder database Configuration version=3.0.37
2023-10-17 15:47:18,369 [INFO] DbExamplesSqlite:110 - CubeFinder database generation date=2023-08-09 (1691586011)
2023-10-17 15:47:18,369 [INFO] DbExamplesSqlite:111 - CubeFinder database FW Pack versions=[FP-ATR-ASTRA1_V2.0.0, FP-SNS-FLIGHT1_V5.0.1, FP-SNS-FLIGHT1_V5.0.2, FP-SNS-MOTENV1_V4.3.1, FP-SNS-MOTENV1_V4.3.2, STM32Cube_FW_C0_V1.1.0, STM32Cube_FW_F4_V1.27.1, STM32Cube_FW_F7_V1.17.0, STM32Cube_FW_G0_V1.6.1, STM32Cube_FW_G4_V1.5.1, STM32Cube_FW_H5_V0.5.1, STM32Cube_FW_H5_V1.1.0, STM32Cube_FW_H7_V1.11.0, STM32Cube_FW_L0_V1.12.2, STM32Cube_FW_L5_V1.5.0, STM32Cube_FW_U5_V1.3.0, STM32Cube_FW_U5_V1.3.0RC4, STM32Cube_FW_WBA_V1.0.0RC1, STM32Cube_FW_WBA_V1.1.0, STM32Cube_FW_WBA_V1.1.0RC1, STM32Cube_FW_WB_V1.15.0RC1, STM32Cube_FW_WB_V1.16.0, STM32Cube_FW_WB_V1.16.0RC2, STM32Cube_FW_WB_V1.17.0, STM32Cube_FW_WL_V1.3.0, X-CUBE-ALGOBUILD_V1.3.0, X-CUBE-ALS_V1.0.1, X-CUBE-AZRTOS-F4_V1.1.0, X-CUBE-AZRTOS-F7_V1.1.0, X-CUBE-AZRTOS-G0_V1.1.0, X-CUBE-AZRTOS-G4_V2.0.0, X-CUBE-AZRTOS-H7_V3.1.0, X-CUBE-AZRTOS-L4_V1.0.0, X-CUBE-AZRTOS-L4_V2.0.0, X-CUBE-AZRTOS-L5_V1.1.0, X-CUBE-AZRTOS-WB_V1.1.0, X-CUBE-AZRTOS-WL_V2.0.0, X-CUBE-BLE1_V7.0.0, X-CUBE-BLE2_V3.3.0, X-CUBE-BLEMGR_V2.0.0, X-CUBE-EEPRMA1_V4.1.0, X-CUBE-FREERTOS_V1.1.0, X-CUBE-GNSS1_V6.0.0, X-CUBE-MEMS1_V9.1.0, X-CUBE-MEMS1_V9.4.0, X-CUBE-MEMS1_V9.6.0, X-CUBE-NFC4_V3.0.0, X-CUBE-NFC7_V1.0.0, X-CUBE-SFXS2LP1_V4.0.0, X-CUBE-SUBG2_V5.0.0, X-CUBE-TOF1_V3.3.1]
2023-10-17 15:47:18,370 [INFO] DbExamples:130 - Found 7278 examples
2023-10-17 15:47:19,056 [ERROR] DbExamples:206 - Found 7278 examples with invalid data (board or MCU)
2023-10-17 15:47:19,057 [INFO] DbExamples:222 - Found 79 boards with related examples
2023-10-17 15:47:19,057 [INFO] DbExamples:235 - Found 0 MCUs with related examples
2023-10-17 15:47:19,075 [INFO] ApiDb:242 - User favorites file not found: C:\Users\thao2/.stm32cubeide/favorites.examples.txt
2023-10-17 15:47:19,075 [INFO] DbExamples:256 - Set 0 / 0 favorites Examples
2023-10-17 15:47:19,319 [INFO] McuFinderGlobals:52 - Set McuFinderConnectedMode to false
2023-10-17 15:47:19,403 [INFO] CrossSelectorPresenter:1330 - Cross Selector saved comparison directory: C:\Users\thao2\.stmcufinder\plugins\mcufinder\mcu\cs_comparisons_mx
2023-10-17 15:47:19,409 [INFO] MultiScanPanel:197 - Auto-refresh data requested => check proxy status ongoing
2023-10-17 15:47:19,409 [INFO] MultiScanPanel:201 - Proxy status is invalid
2023-10-17 15:47:19,411 [INFO] FinderPluginLoader:87 - Searching for filters in installed packs
2023-10-17 15:47:19,790 [INFO] DetailPanel:309 - Set advertising image to C:/Users/thao2/STM32Cube/Repository/\en.prom-stm32h5-mcu-finder.jpg
2023-10-17 15:48:16,155 [INFO] MainUpdater:2671 - connection check result : 10
2023-10-17 15:48:16,156 [INFO] MainUpdater:2671 - connection check result : 10
2023-10-17 15:48:16,201 [INFO] MicroXplorer:448 - Change Database Path : 
2023-10-17 15:48:16,202 [INFO] MicroXplorer:478 - Change Database Version : DB.6.0.30
2023-10-17 15:48:16,202 [WARN] ThirdParty:813 - waiting for thirdparty lock release [close project]
2023-10-17 15:48:16,202 [INFO] ThirdParty:815 - entering critical section [close project]
2023-10-17 15:48:16,203 [INFO] ThirdParty:825 - exiting critical section [close project]
2023-10-17 15:48:16,207 [INFO] PinOutPanel:1463 - setPackage(No Configuration,No Configuration)
2023-10-17 15:48:16,207 [INFO] UtilMem:74 - Begin LoadConfig() Used Memory: 400135320 Bytes (556793856)
2023-10-17 15:48:16,208 [INFO] MicroXplorer:448 - Change Database Path : 
2023-10-17 15:48:16,208 [INFO] MicroXplorer:478 - Change Database Version : DB.6.0.30
2023-10-17 15:48:16,208 [INFO] OpenFileManager:313 - Change cursor
2023-10-17 15:48:16,218 [WARN] IntegrityCheckThread:78 - waiting for thirdparty lock release [integrity check]
2023-10-17 15:48:16,218 [INFO] IntegrityCheckThread:80 - entering critical section [integrity check]
2023-10-17 15:48:16,355 [ERROR] Engine:463 - C:\Users\thao2\.stm32cubemx\thirdparties\pdsc\STMicroelectronics.X-CUBE-SMBUS.2.1.0.pdsc: PDSC version is not supported
2023-10-17 15:48:16,389 [WARN] PackLoader:238 - Cannot read IP mode file for STMicroelectronics.X-CUBE-AZRTOS-F7.1.1.0
2023-10-17 15:48:16,405 [ERROR] Engine:463 - C:\Users\thao2\.stm32cubemx\thirdparties\pdsc\STMicroelectronics.FP-SNS-MOTENV1.4.3.2.pdsc: PDSC version is not supported
2023-10-17 15:48:16,406 [ERROR] Engine:463 - C:\Users\thao2\.stm32cubemx\thirdparties\pdsc\STMicroelectronics.FP-SNS-FLIGHT1.5.0.2.pdsc: PDSC version is not supported
2023-10-17 15:48:16,417 [ERROR] Engine:463 - C:\Users\thao2\.stm32cubemx\thirdparties\pdsc\STMicroelectronics.X-CUBE-DISPLAY.3.0.0.pdsc: PDSC version is not supported
2023-10-17 15:48:16,427 [WARN] PackLoader:238 - Cannot read IP mode file for STMicroelectronics.X-CUBE-BLE1.7.0.0
2023-10-17 15:48:16,439 [ERROR] Engine:463 - C:\Users\thao2\.stm32cubemx\thirdparties\pdsc\emotas.I-CUBE-CANOPEN.1.3.0.pdsc: PDSC version is not supported
2023-10-17 15:48:16,451 [WARN] PackLoader:238 - Cannot read IP mode file for STMicroelectronics.X-CUBE-TOUCHGFX.4.22.0
2023-10-17 15:48:16,459 [WARN] PackLoader:238 - Cannot read IP mode file for STMicroelectronics.X-CUBE-TOUCHGFX.4.22.1
2023-10-17 15:48:16,470 [ERROR] Engine:463 - C:\Users\thao2\.stm32cubemx\thirdparties\pdsc\STMicroelectronics.FP-SNS-SMARTAG2.1.2.0.pdsc: PDSC version is not supported
2023-10-17 15:48:16,487 [INFO] LogOutputStream:76 - [STDOUT_REDIRECT] 1 : Invalid condition id : UX_CORESTACK_Condition cause : null
2023-10-17 15:48:16,489 [INFO] LogOutputStream:76 - [STDOUT_REDIRECT] 1 : Invalid condition id : UX_CORESTACK_Condition cause : null
2023-10-17 15:48:16,490 [INFO] LogOutputStream:76 - [STDOUT_REDIRECT] 1 : Invalid condition id : UX_CORESTACK_Condition cause : null
2023-10-17 15:48:16,491 [INFO] LogOutputStream:76 - [STDOUT_REDIRECT] 1 : Invalid condition id : UX_CORESTACK_Condition cause : null
2023-10-17 15:48:16,492 [INFO] LogOutputStream:76 - [STDOUT_REDIRECT] 1 : Invalid condition id : UX_CORESTACK_Condition cause : null
2023-10-17 15:48:16,496 [WARN] PackLoader:238 - Cannot read IP mode file for STMicroelectronics.X-CUBE-AZRTOS-WL.2.0.0
2023-10-17 15:48:16,508 [WARN] PackLoader:238 - Cannot read IP mode file for WES.I-CUBE-Cesium.1.3.0
2023-10-17 15:48:16,519 [WARN] PackLoader:238 - Cannot read IP mode file for STMicroelectronics.X-CUBE-BLE2.3.3.0
2023-10-17 15:48:16,529 [WARN] PackLoader:238 - Cannot read IP mode file for STMicroelectronics.X-CUBE-ALGOBUILD.1.3.0
2023-10-17 15:48:16,566 [WARN] PackLoader:238 - Cannot read IP mode file for STMicroelectronics.X-CUBE-AZRTOS-G0.1.1.0
2023-10-17 15:48:16,581 [WARN] PackLoader:238 - Cannot read IP mode file for STMicroelectronics.X-CUBE-NFC4.3.0.0
2023-10-17 15:48:16,590 [WARN] PackLoader:238 - Cannot read IP mode file for STMicroelectronics.FP-ATR-SIGFOX1.3.2.0
2023-10-17 15:48:16,636 [WARN] PackLoader:238 - Cannot read IP mode file for SEGGER.I-CUBE-embOS.1.3.1
2023-10-17 15:48:16,685 [WARN] PackLoader:238 - Cannot read IP mode file for STMicroelectronics.X-CUBE-GNSS1.6.0.0
2023-10-17 15:48:16,713 [WARN] PackLoader:238 - Cannot read IP mode file for STMicroelectronics.X-CUBE-AZRTOS-F4.1.1.0
2023-10-17 15:48:16,723 [WARN] PackLoader:238 - Cannot read IP mode file for wolfSSL.I-CUBE-wolfSSL.5.6.3
2023-10-17 15:48:16,747 [WARN] PackLoader:238 - Cannot read IP mode file for STMicroelectronics.X-CUBE-AZRTOS-L5.2.0.0
2023-10-17 15:48:16,793 [WARN] PackLoader:238 - Cannot read IP mode file for STMicroelectronics.X-CUBE-MEMS1.9.6.0
2023-10-17 15:48:16,947 [ERROR] Engine:463 - C:\Users\thao2\.stm32cubemx\thirdparties\pdsc\ITTIA_DB.I-CUBE-ITTIADB.8.8.0.pdsc: PDSC version is not supported
2023-10-17 15:48:16,960 [WARN] PackLoader:238 - Cannot read IP mode file for STMicroelectronics.X-CUBE-BLEMGR.2.0.0
2023-10-17 15:48:17,003 [WARN] ConditionMgr:437 - getConditionDescription Invalid condition id : UX DEVICE CLASS RTOS Condition cause : null
2023-10-17 15:48:17,003 [WARN] ConditionMgr:437 - getConditionDescription Invalid condition id : UX DEVICE CLASS RTOS Condition cause : null
2023-10-17 15:48:17,006 [WARN] PackLoader:238 - Cannot read IP mode file for STMicroelectronics.X-CUBE-AZRTOS-H7.3.1.0
2023-10-17 15:48:17,007 [WARN] ConditionMgr:1038 - genDependencies : Invalid condition id : UX DEVICE CLASS RTOS Condition cause : null
2023-10-17 15:48:17,007 [WARN] ConditionMgr:1038 - genDependencies : Invalid condition id : UX DEVICE CLASS RTOS Condition cause : null
2023-10-17 15:48:17,008 [WARN] ConditionMgr:1038 - genDependencies : Invalid condition id : UX DEVICE CLASS RTOS Condition cause : null
2023-10-17 15:48:17,008 [WARN] ConditionMgr:1038 - genDependencies : Invalid condition id : UX DEVICE CLASS RTOS Condition cause : null
2023-10-17 15:48:17,008 [WARN] ConditionMgr:1038 - genDependencies : Invalid condition id : UX DEVICE CLASS RTOS Condition cause : null
2023-10-17 15:48:17,019 [WARN] PackLoader:238 - Cannot read IP mode file for STMicroelectronics.X-CUBE-NFC7.1.0.1
2023-10-17 15:48:17,033 [WARN] PackLoader:238 - Cannot read IP mode file for STMicroelectronics.X-CUBE-NFC6.3.0.0
2023-10-17 15:48:17,046 [WARN] PackLoader:238 - Cannot read IP mode file for STMicroelectronics.X-CUBE-EEPRMA1.4.1.0
2023-10-17 15:48:17,058 [WARN] PackLoader:238 - Cannot read IP mode file for STMicroelectronics.X-CUBE-AI.8.1.0
2023-10-17 15:48:17,083 [WARN] ConditionMgr:437 - getConditionDescription Invalid condition id : LAN8742 Phy interface Condition cause : null
2023-10-17 15:48:17,083 [WARN] PackLoader:238 - Cannot read IP mode file for STMicroelectronics.X-CUBE-AZRTOS-L4.2.0.0
2023-10-17 15:48:17,084 [WARN] ConditionMgr:1038 - genDependencies : Invalid condition id : LAN8742 Phy interface Condition cause : null
2023-10-17 15:48:17,084 [WARN] ConditionMgr:1038 - genDependencies : Invalid condition id : LAN8742 Phy interface Condition cause : null
2023-10-17 15:48:17,085 [WARN] ConditionMgr:1038 - genDependencies : Invalid condition id : LAN8742 Phy interface Condition cause : null
2023-10-17 15:48:17,096 [WARN] PackLoader:238 - Cannot read IP mode file for STMicroelectronics.X-CUBE-SFXS2LP1.4.0.0
2023-10-17 15:48:17,105 [WARN] PackLoader:238 - Cannot read IP mode file for STMicroelectronics.X-CUBE-ISPU.1.1.0
2023-10-17 15:48:17,125 [WARN] ConditionMgr:437 - getConditionDescription Invalid condition id : UX DEVICE CLASS RTOS Condition cause : null
2023-10-17 15:48:17,125 [WARN] ConditionMgr:437 - getConditionDescription Invalid condition id : UX DEVICE CLASS RTOS Condition cause : null
2023-10-17 15:48:17,127 [WARN] PackLoader:238 - Cannot read IP mode file for STMicroelectronics.X-CUBE-AZRTOS-WB.2.0.0
2023-10-17 15:48:17,127 [WARN] ConditionMgr:1038 - genDependencies : Invalid condition id : UX DEVICE CLASS RTOS Condition cause : null
2023-10-17 15:48:17,128 [WARN] ConditionMgr:1038 - genDependencies : Invalid condition id : UX DEVICE CLASS RTOS Condition cause : null
2023-10-17 15:48:17,128 [WARN] ConditionMgr:1038 - genDependencies : Invalid condition id : UX DEVICE CLASS RTOS Condition cause : null
2023-10-17 15:48:17,128 [WARN] ConditionMgr:1038 - genDependencies : Invalid condition id : UX DEVICE CLASS RTOS Condition cause : null
2023-10-17 15:48:17,128 [WARN] ConditionMgr:1038 - genDependencies : Invalid condition id : UX DEVICE CLASS RTOS Condition cause : null
2023-10-17 15:48:17,144 [WARN] PackLoader:238 - Cannot read IP mode file for STMicroelectronics.X-CUBE-SUBG2.5.0.0
2023-10-17 15:48:17,159 [ERROR] Engine:463 - C:\Users\thao2\.stm32cubemx\thirdparties\pdsc\STMicroelectronics.X-CUBE-TOF1.3.3.1.pdsc: PDSC version is not supported
2023-10-17 15:48:17,180 [WARN] PackLoader:238 - Cannot read IP mode file for STMicroelectronics.X-CUBE-AZRTOS-G4.2.0.0
2023-10-17 15:48:17,193 [ERROR] Engine:463 - C:\Users\thao2\.stm32cubemx\thirdparties\pdsc\Infineon.AIROC-Wi-Fi-Bluetooth-STM32.1.5.1.pdsc: PDSC version is not supported
2023-10-17 15:48:17,201 [ERROR] Engine:463 - C:\Users\thao2\.stm32cubemx\thirdparties\pdsc\STMicroelectronics.X-CUBE-FREERTOS.1.1.0.pdsc: PDSC version is not supported
2023-10-17 15:48:17,210 [WARN] PackLoader:238 - Cannot read IP mode file for portGmbH.I-Cube-SoM-uGOAL.1.1.0
2023-10-17 15:48:17,219 [WARN] PackLoader:238 - Cannot read IP mode file for STMicroelectronics.X-CUBE-ALS.1.0.1
2023-10-17 15:48:17,227 [WARN] PackLoader:238 - Cannot read IP mode file for STMicroelectronics.FP-ATR-ASTRA1.2.0.0
2023-10-17 15:48:17,228 [INFO] ThirdParty:915 - Integrity check success = true
2023-10-17 15:48:17,228 [INFO] IntegrityCheckThread:94 - exiting critical section [integrity check]
2023-10-17 15:48:17,228 [INFO] IntegrityCheckThread:97 - End integrity checks thread
2023-10-17 15:48:17,878 [INFO] Context:592 - Trying to add GPIOservice into a context  which must be forbidden
2023-10-17 15:48:18,047 [INFO] ImportTextPane:167 - (OptionalMessage_ERROR) Unable to find key (Mcu.ThirdPartyNb) in loaded IOC file
2023-10-17 15:48:18,047 [INFO] ImportTextPane:167 - (OptionalMessage_ERROR) Unable to find key (Mcu.PinsNb) in loaded IOC file
2023-10-17 15:48:18,047 [INFO] ImportTextPane:167 - (OptionalMessage_ERROR) Unable to find key (Mcu.IPNb) in loaded IOC file
2023-10-17 15:48:18,083 [WARN] ApiManager:304 - Cannot register API 'Board Extension:GNSS1A1' from pack STMicroelectronics.X-CUBE-GNSS1.6.0.0: no header file found
2023-10-17 15:48:18,083 [WARN] ApiManager:304 - Cannot register API 'Board Support:Custom' from pack STMicroelectronics.X-CUBE-GNSS1.6.0.0: no header file found
2023-10-17 15:48:18,083 [WARN] ApiManager:304 - Cannot register API 'Data Exchange:lib_gnss' from pack STMicroelectronics.X-CUBE-GNSS1.6.0.0: no header file found
2023-10-17 15:48:18,087 [WARN] ApiManager:304 - Cannot register API 'Wireless:BlueNRG-MS' from pack STMicroelectronics.X-CUBE-BLE1.7.0.0: no header file found
2023-10-17 15:48:18,090 [WARN] ModelIntegratedComponent:60 - No mode defined for component null
2023-10-17 15:48:18,090 [WARN] ModelIntegratedComponent:60 - No mode defined for component null
2023-10-17 15:48:18,090 [WARN] ModelIntegratedComponent:60 - No mode defined for component null
2023-10-17 15:48:18,090 [WARN] ModelIntegratedComponent:60 - No mode defined for component null
2023-10-17 15:48:18,090 [WARN] ModelIntegratedComponent:60 - No mode defined for component null
2023-10-17 15:48:18,090 [WARN] ModelIntegratedComponent:60 - No mode defined for component null
2023-10-17 15:48:18,090 [WARN] ModelIntegratedComponent:60 - No mode defined for component null
2023-10-17 15:48:18,090 [WARN] ModelIntegratedComponent:60 - No mode defined for component null
2023-10-17 15:48:18,090 [WARN] ModelIntegratedComponent:60 - No mode defined for component null
2023-10-17 15:48:18,091 [WARN] ModelIntegratedComponent:60 - No mode defined for component null
2023-10-17 15:48:18,091 [WARN] ModelIntegratedComponent:60 - No mode defined for component null
2023-10-17 15:48:18,091 [WARN] ModelIntegratedComponent:60 - No mode defined for component null
2023-10-17 15:48:18,091 [WARN] ModelIntegratedComponent:60 - No mode defined for component null
2023-10-17 15:48:18,091 [WARN] ModelIntegratedComponent:60 - No mode defined for component null
2023-10-17 15:48:18,091 [WARN] ModelIntegratedComponent:60 - No mode defined for component null
2023-10-17 15:48:18,091 [WARN] ModelIntegratedComponent:60 - No mode defined for component null
2023-10-17 15:48:18,091 [WARN] ModelIntegratedComponent:60 - No mode defined for component null
2023-10-17 15:48:18,091 [WARN] ModelIntegratedComponent:60 - No mode defined for component null
2023-10-17 15:48:18,091 [WARN] ModelIntegratedComponent:60 - No mode defined for component null
2023-10-17 15:48:18,091 [WARN] ModelIntegratedComponent:60 - No mode defined for component null
2023-10-17 15:48:18,091 [WARN] ModelIntegratedComponent:60 - No mode defined for component null
2023-10-17 15:48:18,091 [WARN] ModelIntegratedComponent:60 - No mode defined for component null
2023-10-17 15:48:18,091 [WARN] ModelIntegratedComponent:60 - No mode defined for component null
2023-10-17 15:48:18,091 [WARN] ModelIntegratedComponent:60 - No mode defined for component null
2023-10-17 15:48:18,092 [WARN] ModelIntegratedComponent:60 - No mode defined for component null
2023-10-17 15:48:18,092 [WARN] ModelIntegratedComponent:60 - No mode defined for component null
2023-10-17 15:48:18,092 [WARN] ModelIntegratedComponent:60 - No mode defined for component null
2023-10-17 15:48:18,092 [WARN] ModelIntegratedComponent:60 - No mode defined for component null
2023-10-17 15:48:18,092 [WARN] ModelIntegratedComponent:60 - No mode defined for component null
2023-10-17 15:48:18,092 [WARN] ModelIntegratedComponent:60 - No mode defined for component null
2023-10-17 15:48:18,092 [WARN] ModelIntegratedComponent:60 - No mode defined for component null
2023-10-17 15:48:18,096 [WARN] ApiManager:304 - Cannot register API 'Board Extension:NFC07A1' from pack STMicroelectronics.X-CUBE-NFC7.1.0.1: no header file found
2023-10-17 15:48:18,100 [WARN] ApiManager:304 - Cannot register API 'Board Extension:NFC06A1' from pack STMicroelectronics.X-CUBE-NFC6.3.0.0: no header file found
2023-10-17 15:48:18,100 [WARN] ApiManager:304 - Cannot register API 'Board Extension:NFC08A1' from pack STMicroelectronics.X-CUBE-NFC6.3.0.0: no header file found
2023-10-17 15:48:18,101 [WARN] ApiManager:304 - Cannot register API 'Board Extension:EEPRMA1' from pack STMicroelectronics.X-CUBE-EEPRMA1.4.1.0: no header file found
2023-10-17 15:48:18,101 [WARN] ApiManager:304 - Cannot register API 'Board Extension:EEPRMA2' from pack STMicroelectronics.X-CUBE-EEPRMA1.4.1.0: no header file found
2023-10-17 15:48:18,101 [WARN] ApiManager:304 - Cannot register API 'Board Extension:PGEEZ1' from pack STMicroelectronics.X-CUBE-EEPRMA1.4.1.0: no header file found
2023-10-17 15:48:18,101 [WARN] ApiManager:304 - Cannot register API 'Board Part:M24' from pack STMicroelectronics.X-CUBE-EEPRMA1.4.1.0: no header file found
2023-10-17 15:48:18,101 [WARN] ApiManager:304 - Cannot register API 'Board Part:M95' from pack STMicroelectronics.X-CUBE-EEPRMA1.4.1.0: no header file found
2023-10-17 15:48:18,101 [WARN] ApiManager:304 - Cannot register API 'Board Part:M95P32' from pack STMicroelectronics.X-CUBE-EEPRMA1.4.1.0: no header file found
2023-10-17 15:48:18,101 [WARN] ApiManager:304 - Cannot register API 'PGEEZ1:SPI' from pack STMicroelectronics.X-CUBE-EEPRMA1.4.1.0: no header file found
2023-10-17 15:48:18,101 [WARN] ApiManager:304 - Cannot register API 'PGEEZ1:QDSPI' from pack STMicroelectronics.X-CUBE-EEPRMA1.4.1.0: no header file found
2023-10-17 15:48:18,286 [WARN] ApiManager:304 - Cannot register API 'Board Extension:IKS01A3' from pack STMicroelectronics.X-CUBE-MEMS1.9.6.0: no header file found
2023-10-17 15:48:18,286 [WARN] ApiManager:304 - Cannot register API 'Board Extension:IKS01A2' from pack STMicroelectronics.X-CUBE-MEMS1.9.6.0: no header file found
2023-10-17 15:48:18,286 [WARN] ApiManager:304 - Cannot register API 'Board Extension:IKS02A1' from pack STMicroelectronics.X-CUBE-MEMS1.9.6.0: no header file found
2023-10-17 15:48:18,297 [INFO] RtosManager:484 - Registered RTOS mode: class=CMSIS, group=RTOS, mode=CMSIS_V1, owner=FREERTOS
2023-10-17 15:48:18,297 [INFO] RtosManager:484 - Registered RTOS mode: class=CMSIS, group=RTOS2, mode=CMSIS_V2, owner=FREERTOS
2023-10-17 15:48:18,297 [INFO] RtosManager:484 - Registered RTOS mode: class=RTOS, group=Core, mode=CMSIS_V1, owner=FREERTOS
2023-10-17 15:48:18,297 [INFO] RtosManager:484 - Registered RTOS mode: class=RTOS, group=Core, mode=CMSIS_V2, owner=FREERTOS
2023-10-17 15:48:18,298 [WARN] ModelIntegratedComponent:181 - Missing modes for component STMicroelectronics:FreeRTOS:0.0.1:STMicroelectronics:RTOS:FreeRTOS:Core:::10.2.0:
2023-10-17 15:48:18,299 [WARN] ApiManager:304 - Cannot register API 'Board Extension:NFC04A1' from pack STMicroelectronics.X-CUBE-NFC4.3.0.0: no header file found
2023-10-17 15:48:18,302 [WARN] ApiManager:304 - Cannot register API 'Board Extension:S2868A1' from pack STMicroelectronics.X-CUBE-SUBG2.5.0.0: no header file found
2023-10-17 15:48:18,302 [WARN] ApiManager:304 - Cannot register API 'Board Extension:S2868A2' from pack STMicroelectronics.X-CUBE-SUBG2.5.0.0: no header file found
2023-10-17 15:48:18,302 [WARN] ApiManager:304 - Cannot register API 'Board Extension:S2915A1' from pack STMicroelectronics.X-CUBE-SUBG2.5.0.0: no header file found
2023-10-17 15:48:18,304 [WARN] ApiManager:304 - Cannot register API 'Board Extension:S2868A1' from pack STMicroelectronics.X-CUBE-SFXS2LP1.4.0.0: no header file found
2023-10-17 15:48:18,304 [WARN] ApiManager:304 - Cannot register API 'Board Extension:S2868A2' from pack STMicroelectronics.X-CUBE-SFXS2LP1.4.0.0: no header file found
2023-10-17 15:48:18,304 [WARN] ApiManager:304 - Cannot register API 'Board Extension:S2915A1' from pack STMicroelectronics.X-CUBE-SFXS2LP1.4.0.0: no header file found
2023-10-17 15:48:18,305 [WARN] ApiManager:304 - Cannot register API 'Wireless:BlueNRG-2' from pack STMicroelectronics.X-CUBE-BLE2.3.3.0: no header file found
2023-10-17 15:48:19,630 [INFO] UtilMem:74 - End LoadConfig() Used Memory: 265205224 Bytes (556793856)
2023-10-17 15:48:19,636 [WARN] ThirdParty:779 - waiting for thirdparty lock release [change project]
2023-10-17 15:48:19,636 [INFO] ThirdParty:781 - entering critical section [change project]
2023-10-17 15:48:19,636 [INFO] ThirdParty:967 - CMSIS Pack Vendor :STMicroelectronics X-CUBE-ISPU 1.1.0
2023-10-17 15:48:19,636 [INFO] ThirdParty:967 - CMSIS Pack Vendor :STMicroelectronics X-CUBE-GNSS1 6.0.0
2023-10-17 15:48:19,636 [INFO] ThirdParty:967 - CMSIS Pack Vendor :STMicroelectronics USB_HOST 2.0.0
2023-10-17 15:48:19,636 [INFO] ThirdParty:967 - CMSIS Pack Vendor :STMicroelectronics X-CUBE-AZRTOS-F4 1.1.0
2023-10-17 15:48:19,637 [INFO] ThirdParty:967 - CMSIS Pack Vendor :STMicroelectronics X-CUBE-BLE1 7.0.0
2023-10-17 15:48:19,637 [INFO] ThirdParty:967 - CMSIS Pack Vendor :STMicroelectronics FP-ATR-SIGFOX1 3.2.0
2023-10-17 15:48:19,637 [INFO] ThirdParty:967 - CMSIS Pack Vendor :wolfSSL I-CUBE-wolfSSL 5.6.3
2023-10-17 15:48:19,637 [INFO] ThirdParty:967 - CMSIS Pack Vendor :STMicroelectronics USB_DEVICE 3.0.0
2023-10-17 15:48:19,637 [INFO] ThirdParty:967 - CMSIS Pack Vendor :STMicroelectronics HAL Drivers 0.0.0
2023-10-17 15:48:19,637 [INFO] ThirdParty:967 - CMSIS Pack Vendor :STMicroelectronics MBEDTLS 2.16.2
2023-10-17 15:48:19,637 [INFO] ThirdParty:967 - CMSIS Pack Vendor :STMicroelectronics X-CUBE-AZRTOS-WB 2.0.0
2023-10-17 15:48:19,637 [INFO] ThirdParty:967 - CMSIS Pack Vendor :STMicroelectronics X-CUBE-TOUCHGFX 4.22.0
2023-10-17 15:48:19,637 [INFO] ThirdParty:967 - CMSIS Pack Vendor :STMicroelectronics X-CUBE-NFC7 1.0.1
2023-10-17 15:48:19,637 [INFO] ThirdParty:967 - CMSIS Pack Vendor :STMicroelectronics MBEDTLS 2.14.1
2023-10-17 15:48:19,638 [INFO] ThirdParty:967 - CMSIS Pack Vendor :STMicroelectronics X-CUBE-TOUCHGFX 4.22.1
2023-10-17 15:48:19,638 [INFO] ThirdParty:967 - CMSIS Pack Vendor :STMicroelectronics X-CUBE-AZRTOS-F7 1.1.0
2023-10-17 15:48:19,638 [INFO] ThirdParty:967 - CMSIS Pack Vendor :STMicroelectronics X-CUBE-AZRTOS-L5 2.0.0
2023-10-17 15:48:19,638 [INFO] ThirdParty:967 - CMSIS Pack Vendor :STMicroelectronics X-CUBE-NFC6 3.0.0
2023-10-17 15:48:19,638 [INFO] ThirdParty:967 - CMSIS Pack Vendor :STMicroelectronics X-CUBE-EEPRMA1 4.1.0
2023-10-17 15:48:19,638 [INFO] ThirdParty:967 - CMSIS Pack Vendor :portGmbH I-Cube-SoM-uGOAL 1.1.0
2023-10-17 15:48:19,638 [INFO] ThirdParty:967 - CMSIS Pack Vendor :STMicroelectronics X-CUBE-ALS 1.0.1
2023-10-17 15:48:19,638 [INFO] ThirdParty:967 - CMSIS Pack Vendor :STMicroelectronics USB_DEVICE 2.0.0
2023-10-17 15:48:19,638 [INFO] ThirdParty:967 - CMSIS Pack Vendor :STMicroelectronics X-CUBE-MEMS1 9.6.0
2023-10-17 15:48:19,638 [INFO] ThirdParty:967 - CMSIS Pack Vendor :STMicroelectronics X-CUBE-AZRTOS-WL 2.0.0
2023-10-17 15:48:19,638 [INFO] ThirdParty:967 - CMSIS Pack Vendor :STMicroelectronics X-CUBE-ALGOBUILD 1.3.0
2023-10-17 15:48:19,638 [INFO] ThirdParty:967 - CMSIS Pack Vendor :SEGGER I-CUBE-embOS 1.3.1
2023-10-17 15:48:19,638 [INFO] ThirdParty:967 - CMSIS Pack Vendor :STMicroelectronics FreeRTOS 0.0.1
2023-10-17 15:48:19,638 [INFO] ThirdParty:967 - CMSIS Pack Vendor :STMicroelectronics X-CUBE-AZRTOS-G0 1.1.0
2023-10-17 15:48:19,638 [INFO] ThirdParty:967 - CMSIS Pack Vendor :STMicroelectronics USB_DEVICE 1.0.0
2023-10-17 15:48:19,639 [INFO] ThirdParty:967 - CMSIS Pack Vendor :STMicroelectronics X-CUBE-BLEMGR 2.0.0
2023-10-17 15:48:19,639 [INFO] ThirdParty:967 - CMSIS Pack Vendor :STMicroelectronics X-CUBE-AI 8.1.0
2023-10-17 15:48:19,639 [INFO] ThirdParty:967 - CMSIS Pack Vendor :STMicroelectronics X-CUBE-NFC4 3.0.0
2023-10-17 15:48:19,639 [INFO] ThirdParty:967 - CMSIS Pack Vendor :STMicroelectronics X-CUBE-SUBG2 5.0.0
2023-10-17 15:48:19,639 [INFO] ThirdParty:967 - CMSIS Pack Vendor :STMicroelectronics X-CUBE-AZRTOS-L4 2.0.0
2023-10-17 15:48:19,639 [INFO] ThirdParty:967 - CMSIS Pack Vendor :STMicroelectronics ThreadX 0.0.2
2023-10-17 15:48:19,639 [INFO] ThirdParty:967 - CMSIS Pack Vendor :WES I-CUBE-Cesium 1.3.0
2023-10-17 15:48:19,639 [INFO] ThirdParty:967 - CMSIS Pack Vendor :STMicroelectronics FP-ATR-ASTRA1 2.0.0
2023-10-17 15:48:19,639 [INFO] ThirdParty:967 - CMSIS Pack Vendor :STMicroelectronics lwIP 2.0.3
2023-10-17 15:48:19,639 [INFO] ThirdParty:967 - CMSIS Pack Vendor :STMicroelectronics lwIP 2.1.2
2023-10-17 15:48:19,639 [INFO] ThirdParty:967 - CMSIS Pack Vendor :STMicroelectronics X-CUBE-SFXS2LP1 4.0.0
2023-10-17 15:48:19,639 [INFO] ThirdParty:967 - CMSIS Pack Vendor :STMicroelectronics X-CUBE-BLE2 3.3.0
2023-10-17 15:48:19,639 [INFO] ThirdParty:967 - CMSIS Pack Vendor :STMicroelectronics USB_HOST 1.0.0
2023-10-17 15:48:19,639 [INFO] ThirdParty:967 - CMSIS Pack Vendor :STMicroelectronics X-CUBE-AZRTOS-G4 2.0.0
2023-10-17 15:48:19,639 [INFO] ThirdParty:967 - CMSIS Pack Vendor :STMicroelectronics PDM2PCM 3.1.0
2023-10-17 15:48:19,639 [INFO] ThirdParty:967 - CMSIS Pack Vendor :STMicroelectronics X-CUBE-AZRTOS-H7 3.1.0
2023-10-17 15:48:19,640 [INFO] ThirdParty:967 - CMSIS Pack Vendor :STMicroelectronics PDM2PCM 3.2.0
2023-10-17 15:48:19,640 [INFO] ThirdParty:967 - CMSIS Pack Vendor :STMicroelectronics PDM2PCM 3.3.0
2023-10-17 15:48:19,640 [INFO] ThirdParty:787 - exiting critical section [change project]
2023-10-17 15:48:19,835 [INFO] PinOutPanel:1463 - setPackage(No Configuration,No Configuration)
2023-10-17 15:48:19,836 [INFO] PinOutPanel:1463 - setPackage(STM32F103C6Ux,UFQFPN48)
2023-10-17 15:48:20,156 [INFO] UtilMem:74 - Before build in PCC Used Memory: 274163072 Bytes (556793856)
2023-10-17 15:48:20,651 [INFO] UtilMem:74 - After build in PCC Used Memory: 352279936 Bytes (556793856)
2023-10-17 15:48:20,669 [INFO] IPUIPlugin:74 - create IPUIPlugin
2023-10-17 15:48:20,669 [INFO] IPUIPlugin:74 - create IPUIPlugin
2023-10-17 15:48:20,669 [INFO] IPUIPlugin:74 - create IPUIPlugin
2023-10-17 15:48:20,669 [INFO] IPUIPlugin:74 - create IPUIPlugin
2023-10-17 15:48:20,669 [INFO] IPUIPlugin:74 - create IPUIPlugin
2023-10-17 15:48:20,669 [INFO] IPUIPlugin:74 - create IPUIPlugin
2023-10-17 15:48:20,670 [INFO] IPUIPlugin:74 - create IPUIPlugin
2023-10-17 15:48:20,670 [INFO] IPUIPlugin:74 - create IPUIPlugin
2023-10-17 15:48:20,670 [INFO] IPUIPlugin:74 - create IPUIPlugin
2023-10-17 15:48:20,670 [INFO] IPUIPlugin:74 - create IPUIPlugin
2023-10-17 15:48:20,670 [INFO] IPUIPlugin:74 - create IPUIPlugin
2023-10-17 15:48:20,670 [INFO] IPUIPlugin:74 - create IPUIPlugin
2023-10-17 15:48:20,671 [INFO] IPUIPlugin:74 - create IPUIPlugin
2023-10-17 15:48:20,671 [INFO] IPUIPlugin:74 - create IPUIPlugin
2023-10-17 15:48:20,671 [INFO] IPUIPlugin:74 - create IPUIPlugin
2023-10-17 15:48:20,671 [INFO] IPUIPlugin:74 - create IPUIPlugin
2023-10-17 15:48:20,672 [INFO] IPUIPlugin:74 - create IPUIPlugin
2023-10-17 15:48:20,672 [INFO] IPUIPlugin:74 - create IPUIPlugin
2023-10-17 15:48:20,672 [INFO] IPUIPlugin:74 - create IPUIPlugin
2023-10-17 15:48:20,672 [INFO] IPUIPlugin:74 - create IPUIPlugin
2023-10-17 15:48:20,673 [INFO] IPUIPlugin:74 - create IPUIPlugin
2023-10-17 15:48:20,673 [INFO] IPUIPlugin:74 - create IPUIPlugin
2023-10-17 15:48:20,673 [INFO] IPUIPlugin:74 - create IPUIPlugin
2023-10-17 15:48:20,771 [INFO] OpenFileManager:333 - Restore cursor
2023-10-17 15:48:20,962 [INFO] UtilMem:74 - End SaveConfig() Used Memory: 418007224 Bytes (556793856)
2023-10-17 15:48:20,999 [INFO] UtilMem:74 - End SaveConfig() Used Memory: 430400896 Bytes (556793856)
2023-10-17 15:48:21,291 [INFO] BlockDiagram:2740 - set Specific Code input for plugin: NVIC
2023-10-17 15:48:21,291 [INFO] BlockDiagram:2740 - set Specific Code input for plugin: SYS
2023-10-17 15:48:21,291 [INFO] BlockDiagram:2740 - set Specific Code input for plugin: RCC
2023-10-17 15:48:21,292 [INFO] CodeGenerator:663 - code generatio: config db path: C:\ST\STM32CubeIDE_1.7.0\STM32CubeIDE\plugins\com.st.stm32cube.common.mx_6.3.0.202107141111\\db\
2023-10-17 15:48:21,521 [INFO] CodeEngine:239 - oldGeneratedFile, C:\Users\thao2\Desktop\Study\hcmut\HK231\VXL\thuc_hanh\Lab\VXL_LAB_3\BUTTON\MXTmpFiles\license.tmp_save
2023-10-17 15:48:21,787 [INFO] CodeEngine:257 - Generated code: C:\Users\thao2\Desktop\Study\hcmut\HK231\VXL\thuc_hanh\Lab\VXL_LAB_3\BUTTON\MXTmpFiles\license.tmp
2023-10-17 15:48:21,889 [INFO] CodeEngine:239 - oldGeneratedFile, C:\Users\thao2\Desktop\Study\hcmut\HK231\VXL\thuc_hanh\Lab\VXL_LAB_3\BUTTON\Core\Src\stm32f1xx_it.c_save
2023-10-17 15:48:22,022 [INFO] CodeEngine:257 - Generated code: C:\Users\thao2\Desktop\Study\hcmut\HK231\VXL\thuc_hanh\Lab\VXL_LAB_3\BUTTON\Core\Src\stm32f1xx_it.c
2023-10-17 15:48:22,031 [INFO] CodeEngine:239 - oldGeneratedFile, C:\Users\thao2\Desktop\Study\hcmut\HK231\VXL\thuc_hanh\Lab\VXL_LAB_3\BUTTON\Core\Inc\stm32f1xx_it.h_save
2023-10-17 15:48:22,121 [INFO] CodeEngine:257 - Generated code: C:\Users\thao2\Desktop\Study\hcmut\HK231\VXL\thuc_hanh\Lab\VXL_LAB_3\BUTTON\Core\Inc\stm32f1xx_it.h
2023-10-17 15:48:22,138 [INFO] CodeEngine:239 - oldGeneratedFile, C:\Users\thao2\Desktop\Study\hcmut\HK231\VXL\thuc_hanh\Lab\VXL_LAB_3\BUTTON\Core\Src\stm32f1xx_hal_msp.c_save
2023-10-17 15:48:22,256 [INFO] CodeEngine:257 - Generated code: C:\Users\thao2\Desktop\Study\hcmut\HK231\VXL\thuc_hanh\Lab\VXL_LAB_3\BUTTON\Core\Src\stm32f1xx_hal_msp.c
2023-10-17 15:48:22,268 [INFO] CodeEngine:239 - oldGeneratedFile, C:\Users\thao2\Desktop\Study\hcmut\HK231\VXL\thuc_hanh\Lab\VXL_LAB_3\BUTTON\MXTmpFiles\system.tmp_save
2023-10-17 15:48:22,325 [INFO] CodeEngine:257 - Generated code: C:\Users\thao2\Desktop\Study\hcmut\HK231\VXL\thuc_hanh\Lab\VXL_LAB_3\BUTTON\MXTmpFiles\system.tmp
2023-10-17 15:48:22,340 [INFO] CodeEngine:239 - oldGeneratedFile, C:\Users\thao2\Desktop\Study\hcmut\HK231\VXL\thuc_hanh\Lab\VXL_LAB_3\BUTTON\Core\Inc\stm32f1xx_hal_conf.h_save
2023-10-17 15:48:22,418 [INFO] CodeEngine:257 - Generated code: C:\Users\thao2\Desktop\Study\hcmut\HK231\VXL\thuc_hanh\Lab\VXL_LAB_3\BUTTON\Core\Inc\stm32f1xx_hal_conf.h
2023-10-17 15:48:22,472 [INFO] CodeEngine:239 - oldGeneratedFile, C:\Users\thao2\Desktop\Study\hcmut\HK231\VXL\thuc_hanh\Lab\VXL_LAB_3\BUTTON\Core\Inc\main.h_save
2023-10-17 15:48:22,551 [INFO] CodeEngine:257 - Generated code: C:\Users\thao2\Desktop\Study\hcmut\HK231\VXL\thuc_hanh\Lab\VXL_LAB_3\BUTTON\Core\Inc\main.h
2023-10-17 15:48:22,560 [INFO] CodeEngine:239 - oldGeneratedFile, C:\Users\thao2\Desktop\Study\hcmut\HK231\VXL\thuc_hanh\Lab\VXL_LAB_3\BUTTON\Core\Src\main.c_save
2023-10-17 15:48:22,686 [INFO] CodeEngine:257 - Generated code: C:\Users\thao2\Desktop\Study\hcmut\HK231\VXL\thuc_hanh\Lab\VXL_LAB_3\BUTTON\Core\Src\main.c
2023-10-17 15:48:23,448 [INFO] ProjectBuilder:2578 - Time for Copy HAL[1] : 71mS.
2023-10-17 15:48:23,453 [INFO] ProjectBuilder:3622 - Project Generator version: 3.14.1
2023-10-17 15:48:23,872 [INFO] ConfigFileManager:1271 - The Die is : DIE412
2023-10-17 15:48:23,890 [INFO] ApiDbMcu:468 - Load IP Config File for FATFS
2023-10-17 15:48:23,923 [INFO] ApiDbMcu:468 - Load IP Config File for FREERTOS
2023-10-17 15:48:23,957 [INFO] ApiDbMcu:468 - Load IP Config File for USB_DEVICE
2023-10-17 15:48:28,612 [INFO] ProjectBuilder:3789 - Time for Generating toolchain IDE Files: 5159mS.
2023-10-17 15:48:28,612 [INFO] ProjectBuilder:2457 - Time for Copy CMSIS : 0mS.
2023-10-17 15:48:28,615 [INFO] ProjectBuilder:2457 - Time for Copy CMSIS : 0mS.
2023-10-17 15:48:29,738 [INFO] McuFinderGlobals:52 - Set McuFinderConnectedMode to true
2023-10-17 15:48:29,740 [INFO] ApiDb:276 - Save user favorites file C:\Users\thao2/.stm32cubeide/favorites.mcus.txt: 0 item(s)
2023-10-17 15:48:29,740 [INFO] ApiDb:280 - User favorites MCUs=[]
2023-10-17 15:49:08,907 [INFO] Gpio:254 - dependency for GPIO [SYS]
2023-10-17 15:50:47,723 [INFO] Gpio:254 - dependency for GPIO [SYS]
2023-10-17 15:50:59,958 [INFO] Gpio:254 - dependency for GPIO [SYS]
2023-10-17 15:51:21,092 [INFO] UtilMem:74 - End SaveConfig() Used Memory: 314259776 Bytes (813694976)
2023-10-17 15:51:25,301 [INFO] Gpio:254 - dependency for GPIO [SYS]
2023-10-17 15:51:38,475 [INFO] NvicIntPanel:96 - NVIC parent = com.st.microxplorer.plugins.ip.nvic.MultiNvicIntPanel[,0,0,520x295,layout=javax.swing.BoxLayout,alignmentX=0.0,alignmentY=0.0,border=,flags=9,maximumSize=,minimumSize=,preferredSize=]
2023-10-17 15:51:39,338 [INFO] NvicIntPanel:96 - NVIC parent = com.st.microxplorer.plugins.ip.nvic.MultiNvicIntPanel[,0,0,0x0,invalid,layout=javax.swing.BoxLayout,alignmentX=0.0,alignmentY=0.0,border=,flags=9,maximumSize=,minimumSize=,preferredSize=]
2023-10-17 15:52:12,349 [INFO] UtilMem:74 - End SaveConfig() Used Memory: 579086352 Bytes (813694976)
2023-10-17 15:52:13,665 [INFO] UtilMem:74 - End SaveConfig() Used Memory: 607397904 Bytes (813694976)
2023-10-17 15:52:17,218 [INFO] UtilMem:74 - End SaveConfig() Used Memory: 314666032 Bytes (813694976)
2023-10-17 15:52:17,507 [INFO] BlockDiagram:2740 - set Specific Code input for plugin: NVIC
2023-10-17 15:52:17,507 [INFO] BlockDiagram:2740 - set Specific Code input for plugin: SYS
2023-10-17 15:52:17,508 [INFO] BlockDiagram:2740 - set Specific Code input for plugin: GPIO
2023-10-17 15:52:17,508 [INFO] BlockDiagram:2740 - set Specific Code input for plugin: RCC
2023-10-17 15:52:17,508 [INFO] BlockDiagram:2740 - set Specific Code input for plugin: TIM1_8F1
2023-10-17 15:52:17,508 [INFO] CodeGenerator:663 - code generatio: config db path: C:\ST\STM32CubeIDE_1.7.0\STM32CubeIDE\plugins\com.st.stm32cube.common.mx_6.3.0.202107141111\\db\
2023-10-17 15:52:17,753 [INFO] CodeEngine:239 - oldGeneratedFile, C:\Users\thao2\Desktop\Study\hcmut\HK231\VXL\thuc_hanh\Lab\VXL_LAB_3\BUTTON\MXTmpFiles\license.tmp_save
2023-10-17 15:52:17,807 [INFO] CodeEngine:257 - Generated code: C:\Users\thao2\Desktop\Study\hcmut\HK231\VXL\thuc_hanh\Lab\VXL_LAB_3\BUTTON\MXTmpFiles\license.tmp
2023-10-17 15:52:17,851 [INFO] CodeEngine:239 - oldGeneratedFile, C:\Users\thao2\Desktop\Study\hcmut\HK231\VXL\thuc_hanh\Lab\VXL_LAB_3\BUTTON\MXTmpFiles\gpio.tmp_save
2023-10-17 15:52:17,916 [INFO] CodeEngine:257 - Generated code: C:\Users\thao2\Desktop\Study\hcmut\HK231\VXL\thuc_hanh\Lab\VXL_LAB_3\BUTTON\MXTmpFiles\gpio.tmp
2023-10-17 15:52:18,045 [INFO] CodeEngine:239 - oldGeneratedFile, C:\Users\thao2\Desktop\Study\hcmut\HK231\VXL\thuc_hanh\Lab\VXL_LAB_3\BUTTON\Core\Src\stm32f1xx_it.c_save
2023-10-17 15:52:18,141 [INFO] CodeEngine:257 - Generated code: C:\Users\thao2\Desktop\Study\hcmut\HK231\VXL\thuc_hanh\Lab\VXL_LAB_3\BUTTON\Core\Src\stm32f1xx_it.c
2023-10-17 15:52:18,145 [INFO] CodeEngine:239 - oldGeneratedFile, C:\Users\thao2\Desktop\Study\hcmut\HK231\VXL\thuc_hanh\Lab\VXL_LAB_3\BUTTON\Core\Inc\stm32f1xx_it.h_save
2023-10-17 15:52:18,226 [INFO] CodeEngine:257 - Generated code: C:\Users\thao2\Desktop\Study\hcmut\HK231\VXL\thuc_hanh\Lab\VXL_LAB_3\BUTTON\Core\Inc\stm32f1xx_it.h
2023-10-17 15:52:18,252 [INFO] CodeEngine:239 - oldGeneratedFile, C:\Users\thao2\Desktop\Study\hcmut\HK231\VXL\thuc_hanh\Lab\VXL_LAB_3\BUTTON\Core\Src\stm32f1xx_hal_msp.c_save
2023-10-17 15:52:18,494 [INFO] CodeEngine:257 - Generated code: C:\Users\thao2\Desktop\Study\hcmut\HK231\VXL\thuc_hanh\Lab\VXL_LAB_3\BUTTON\Core\Src\stm32f1xx_hal_msp.c
2023-10-17 15:52:18,499 [INFO] CodeEngine:239 - oldGeneratedFile, C:\Users\thao2\Desktop\Study\hcmut\HK231\VXL\thuc_hanh\Lab\VXL_LAB_3\BUTTON\MXTmpFiles\system.tmp_save
2023-10-17 15:52:18,564 [INFO] CodeEngine:257 - Generated code: C:\Users\thao2\Desktop\Study\hcmut\HK231\VXL\thuc_hanh\Lab\VXL_LAB_3\BUTTON\MXTmpFiles\system.tmp
2023-10-17 15:52:18,587 [INFO] CodeEngine:239 - oldGeneratedFile, C:\Users\thao2\Desktop\Study\hcmut\HK231\VXL\thuc_hanh\Lab\VXL_LAB_3\BUTTON\Core\Inc\stm32f1xx_hal_conf.h_save
2023-10-17 15:52:18,692 [INFO] CodeEngine:257 - Generated code: C:\Users\thao2\Desktop\Study\hcmut\HK231\VXL\thuc_hanh\Lab\VXL_LAB_3\BUTTON\Core\Inc\stm32f1xx_hal_conf.h
2023-10-17 15:52:18,707 [WARN] IPConfigManager:3148 - IP not found : TIM
2023-10-17 15:52:18,708 [WARN] CodeGenerator:3268 - IP not found : null
2023-10-17 15:52:18,723 [INFO] CodeEngine:239 - oldGeneratedFile, C:\Users\thao2\Desktop\Study\hcmut\HK231\VXL\thuc_hanh\Lab\VXL_LAB_3\BUTTON\Core\Inc\main.h_save
2023-10-17 15:52:18,804 [INFO] CodeEngine:257 - Generated code: C:\Users\thao2\Desktop\Study\hcmut\HK231\VXL\thuc_hanh\Lab\VXL_LAB_3\BUTTON\Core\Inc\main.h
2023-10-17 15:52:18,818 [INFO] CodeEngine:239 - oldGeneratedFile, C:\Users\thao2\Desktop\Study\hcmut\HK231\VXL\thuc_hanh\Lab\VXL_LAB_3\BUTTON\Core\Src\main.c_save
2023-10-17 15:52:19,043 [INFO] CodeEngine:257 - Generated code: C:\Users\thao2\Desktop\Study\hcmut\HK231\VXL\thuc_hanh\Lab\VXL_LAB_3\BUTTON\Core\Src\main.c
2023-10-17 15:52:19,743 [INFO] ProjectBuilder:2578 - Time for Copy HAL[1] : 75mS.
2023-10-17 15:52:19,746 [INFO] ProjectBuilder:3622 - Project Generator version: 3.14.1
2023-10-17 15:52:20,264 [INFO] ConfigFileManager:1271 - The Die is : DIE412
2023-10-17 15:52:21,976 [INFO] ProjectBuilder:3789 - Time for Generating toolchain IDE Files: 2230mS.
2023-10-17 15:52:21,977 [INFO] ProjectBuilder:2457 - Time for Copy CMSIS : 0mS.
2023-10-17 15:52:21,980 [INFO] ProjectBuilder:2457 - Time for Copy CMSIS : 0mS.
